# callgrind format
version: 1
creator: callgrind-3.15.0
pid: 10162
cmd:  ./bash test.sh
part: 1


desc: I1 cache: 
desc: D1 cache: 
desc: LL cache: 

desc: Timerange: Basic block 0 - 152458
desc: Trigger: Program termination

positions: line
events: Ir
summary: 709571


ob=(5) /usr/lib64/libdl-2.17.so
fl=(5) ???
fn=(1328) 0x0000000000000da0
0 9

fn=(212) 0x0000000000000e50
0 16

fn=(1318) 0x0000000000000e10
0 8
cob=(2) ???
cfi=(2) ???
cfn=(1324) 0x0000000004c26d88
calls=1 0 
0 54
0 1
cfn=(1328)
calls=1 0 
0 9
0 3

fn=(220) init
0 3

fn=(1316) check_free
0 9

fn=(1314) fini
0 2
cfn=(1316)
calls=1 0 
0 9

ob=(1) /usr/lib64/ld-2.17.so
fl=(1) ???
fn=(16) dl_main
0 35
cfn=(18) _dl_process_tunable_env_entries
calls=1 0 
0 249
0 7
cfn=(20) _dl_next_ld_env_entry
calls=1 0 
0 258
0 2
cfn=(20)
calls=1 0 
0 6
0 80
cfn=(24) _dl_new_object
calls=1 0 
0 244
0 10
cfn=(40) _dl_add_to_namespace_list
calls=1 0 
0 34
0 138
cfn=(46) strcmp
calls=1 0 
0 7
0 234
cfn=(4) _dl_setup_hash
calls=1 0 
0 23
0 5
cfn=(48) _dl_discover_osversion
calls=1 0 
0 93
0 74
cfn=(22) bcmp
calls=1 0 
0 26
0 14
cfn=(22)
calls=1 0 
0 80
0 7
cfn=(52) _dl_init_paths
calls=1 0 
0 541
0 3
cfn=(58) _dl_debug_initialize
calls=1 0 
0 17
0 57
cfn=(60) _dl_count_modids
calls=1 0 
0 4
0 19
cfn=(104) access
calls=1 0 
0 9
0 19
cfn=(106) _dl_map_object_deps
calls=1 0 
0 14467
0 114
cfn=(122) _dl_receive_error
calls=1 0 
0 5644
0 5
cfn=(132) init_tls
calls=1 0 
0 626
0 35
cfn=(164) _dl_allocate_tls_init
calls=1 0 
0 254
0 5
cfn=(166) _dl_sysdep_start_cleanup
calls=1 0 
0 1
0 6
cfn=(58)
calls=1 0 
0 8
0 3
cfn=(62) _dl_debug_state
calls=1 0 
0 1
0 2
cfn=(168) _dl_unload_cache
calls=1 0 
0 15
0 18
cfn=(64) handle_ld_preload
calls=1 0 
0 3546
0 11
cfn=(62)
calls=1 0 
0 1
0 14
cfn=(138) _dl_relocate_object
calls=1 0 
0 5121
0 115
cfn=(138)
calls=4 0 
0 85235
0 59
cfn=(162) _dl_add_to_slotinfo
calls=1 0 
0 24
0 1

fn=(44) rtld_lock_default_unlock_recursive
0 10

fn=(70) __sigsetjmp
0 120

fn=(128) _dl_check_map_versions
0 301
cfn=(76) _dl_name_match_p
calls=21 0 
0 1432
0 259
cfn=(130) match_symbol
calls=6 0 
0 1007
0 15
cfn=(130)
calls=5 0 
0 919
0 442
cfn=(28) calloc
calls=4 0 
0 220
0 4
0 916

fn=(1274) _dl_sort_fini
0 39
cfn=(100) memset
calls=1 0 
0 16
0 37
cfn=(100)
calls=3 0 
0 30
0 230

fn=(20)
0 264

fn=(46)
0 3789
cfn=(47) strcmp'2
calls=354 0 
0 20563
0 1748

fn=(47)
0 19655
cfn=(47)
calls=2511 0 
0 99794
0 908

fn=(90) free
0 18

fn=(114) _dl_sysdep_read_whole_file
0 11
cfn=(84) open
calls=1 0 
0 5
0 7
cfn=(94) _fxstat
calls=1 0 
0 10
0 8
cfn=(102) close
calls=1 0 
0 5
0 13
cfn=(96) mmap
calls=1 0 
0 33
0 2

fn=(140) _dl_lookup_symbol_x
0 24712
cfn=(142) do_lookup_x
calls=168 0 
0 86500
0 5952

fn=(174) _dl_init
0 113
cob=(2)
cfi=(2)
cfn=(208) 0x0000000004c26c88
calls=1 0 
0 6
cob=(3) /usr/lib64/libc-2.17.so
cfi=(3) ???
cfn=(188) _init
calls=1 0 
0 148
0 36
cob=(5)
cfi=(5)
cfn=(212)
calls=1 0 
0 16
cob=(3)
cfi=(3)
cfn=(196) check_stdfiles_vtables
calls=1 0 
0 11
0 8
cob=(5)
cfi=(5)
cfn=(220)
calls=1 0 
0 3
cob=(3)
cfi=(3)
cfn=(198) init_cacheinfo
calls=1 0 
0 1877
0 62
cob=(2)
cfi=(2)
cfn=(176) 0x0000000004a245c0
calls=1 0 
0 6
0 19
cob=(4) /usr/local/lib/valgrind/vgpreload_core-amd64-linux.so
cfi=(4) ???
cfn=(180) 0x00000000000006e0
calls=1 0 
0 16
0 10

fn=(112) _dl_load_cache_lookup
0 328
cfn=(116) _dl_cache_libcmp
calls=17 0 
0 1300
0 80
cfn=(114)
calls=1 0 
0 94
0 10
cfn=(22)
calls=1 0 
0 112
0 15
cfn=(22)
calls=1 0 
0 165
0 54
cfn=(116)
calls=2 0 
0 158
0 8
cfn=(116)
calls=2 0 
0 304
0 90
cfn=(12) strlen
calls=2 0 
0 83
0 42
cfn=(38) memcpy
calls=2 0 
0 55
0 4
cfn=(118) strdup
calls=2 0 
0 230
0 16

fn=(138)
0 18832
cfn=(140)
calls=101 0 
0 63848
0 3220
cob=(3)
cfi=(3)
cfn=(160) memcpy@GLIBC_2.2.5
calls=1 0 
0 15
cob=(3)
cfi=(3)
cfn=(158) gettimeofday
calls=1 0 
0 22
cob=(3)
cfi=(3)
cfn=(156) memset
calls=1 0 
0 8
cob=(3)
cfi=(3)
cfn=(154) strncasecmp
calls=1 0 
0 5
cob=(3)
cfi=(3)
cfn=(152) strnlen
calls=1 0 
0 5
cob=(3)
cfi=(3)
cfn=(148) time
calls=1 0 
0 22
cob=(3)
cfi=(3)
cfn=(146) strcasecmp
calls=1 0 
0 5
0 294
cfn=(38)
calls=4 0 
0 72
0 84
cfn=(98) mprotect
calls=5 0 
0 25
0 317
cfn=(140)
calls=6 0 
0 3307
0 275

fn=(60)
0 4

fn=(78) index
0 703

fn=(124) version_check_doit
0 6
cfn=(126) _dl_check_all_versions
calls=1 0 
0 5604
0 4

fn=(22)
0 1358

fn=(28)
0 80
cfn=(32) malloc
calls=10 0 
0 441
0 10

fn=(40)
0 28
cfn=(42) rtld_lock_default_lock_recursive
calls=4 0 
0 8
0 107
cfn=(44)
calls=3 0 
0 6
0 13
cfn=(44)
calls=1 0 
0 2
0 2

fn=(102)
0 20

fn=(108) _dl_dst_count
0 35
cfn=(78)
calls=5 0 
0 379
0 50

fn=(166)
0 1

fn=(8) brk
0 12

fn=(64)
0 684
cfn=(66) _dl_catch_error
calls=1 0 
0 2753
0 22
cfn=(38)
calls=1 0 
0 83
0 4

fn=(80) expand_dynamic_string_token
0 12
cfn=(78)
calls=1 0 
0 133
0 5
cfn=(12)
calls=1 0 
0 86
0 3
cfn=(32)
calls=1 0 
0 34
0 1
0 13
cfn=(38)
calls=1 0 
0 56

fn=(98)
0 40

fn=(110) openaux
0 70
cfn=(74) _dl_map_object
calls=5 0 
0 11594
0 15

fn=(132)
0 11
cfn=(28)
calls=1 0 
0 43
0 1
0 43
cfn=(134) _dl_determine_tlsoffset
calls=1 0 
0 56
0 1
cfn=(136) _dl_allocate_tls_storage
calls=1 0 
0 455
0 16

fn=(234) _dl_fixup
0 2857
cfn=(140)
calls=61 0 
0 50009
0 1354
cob=(3)
cfi=(3)
cfn=(914) memcpy@@GLIBC_2.14
calls=1 0 
0 11
cob=(3)
cfi=(3)
cfn=(158)
calls=1 0 
0 22
cob=(3)
cfi=(3)
cfn=(818) index
calls=1 0 
0 6
cob=(3)
cfi=(3)
cfn=(628) strcmp
calls=1 0 
0 5
cob=(3)
cfi=(3)
cfn=(148)
calls=1 0 
0 22
cob=(3)
cfi=(3)
cfn=(488) rindex
calls=1 0 
0 6
cob=(3)
cfi=(3)
cfn=(476) strncmp
calls=1 0 
0 5
cob=(3)
cfi=(3)
cfn=(388) strcpy
calls=1 0 
0 5
cob=(3)
cfi=(3)
cfn=(376) strlen
calls=1 0 
0 7
cob=(3)
cfi=(3)
cfn=(156)
calls=1 0 
0 8
0 10

fn=(76)
0 1855
cfn=(46)
calls=265 0 
0 1862
0 3204
cfn=(46)
calls=273 0 
0 4384
0 2136

fn=(6) _dl_sysdep_start
0 357
cfn=(8)
calls=1 0 
0 12
0 6
cfn=(10) init_cpu_features.constprop.0
calls=1 0 
0 119
0 4
cfn=(12)
calls=1 0 
0 35
0 3
cfn=(14) sbrk
calls=1 0 
0 17
0 12
cfn=(16)
calls=1 0 
0 117626
0 27

fn=(10)
0 119

fn=(36) __libc_memalign
0 508
cfn=(96)
calls=3 0 
0 99
0 262

fn=(120) _dl_next_tls_modid
0 6

fn=(0) 0x0000000000001120
0 2
cfn=(2) _dl_start
calls=1 0 
0 118898
0 14
cfn=(174)
calls=1 0 
0 2331
0 3
cob=(6) /home/fdse/zdh/download/bash-5.0/bash
cfi=(6) ???
cfn=(224) 0x0000000000422971
calls=1 0 
0 588323

fn=(4)
0 115

fn=(32)
0 69
cfn=(36)
calls=23 0 
0 791
0 23

fn=(68) _dl_initial_error_catch_tsd
0 14

fn=(82) open_verify
0 57
cfn=(84)
calls=3 0 
0 15
0 36
cfn=(86) read
calls=3 0 
0 15
0 42
cfn=(22)
calls=3 0 
0 261
0 27
cfn=(22)
calls=3 0 
0 240
0 310
cfn=(22)
calls=2 0 
0 146
0 12
cfn=(22)
calls=3 0 
0 240
0 32
cob=(2)
cfi=(2)
cfn=(88) 0x0000000004000ac0
calls=3 0 
0 21
0 57
cfn=(22)
calls=1 0 
0 88
0 2

fn=(96)
0 361

fn=(106)
0 362
cfn=(108)
calls=5 0 
0 464
0 50
cfn=(66)
calls=5 0 
0 11969
0 389
cfn=(32)
calls=3 0 
0 102
0 3
0 30
cfn=(38)
calls=3 0 
0 68
0 15
cfn=(38)
calls=3 0 
0 68
0 89
cfn=(32)
calls=1 0 
0 34
0 1
0 98
cfn=(100)
calls=1 0 
0 16
0 193
cfn=(100)
calls=3 0 
0 30
0 437
cfn=(38)
calls=1 0 
0 42
0 7

fn=(130)
0 877
cfn=(46)
calls=11 0 
0 939
0 110

fn=(18)
0 249

fn=(38)
0 623

fn=(48)
0 21
cfn=(50) uname
calls=1 0 
0 5
0 67

fn=(92) _dl_map_object_from_fd
0 54
cfn=(58)
calls=3 0 
0 24
0 15
cfn=(94)
calls=3 0 
0 30
0 180
cfn=(24)
calls=3 0 
0 1471
0 865
cfn=(120)
calls=1 0 
0 6
0 99
cfn=(96)
calls=3 0 
0 105
0 165
cfn=(100)
calls=3 0 
0 2082
0 93
cfn=(96)
calls=3 0 
0 93
0 913
cfn=(102)
calls=1 0 
0 5
0 4
cfn=(102)
calls=2 0 
0 10
0 45
cfn=(4)
calls=3 0 
0 69
0 52
cfn=(40)
calls=3 0 
0 132
0 39
cfn=(98)
calls=3 0 
0 15
0 78
cfn=(96)
calls=1 0 
0 31
0 10

fn=(162)
0 24

fn=(164)
0 61
cfn=(56) mempcpy
calls=1 0 
0 23
0 4
cfn=(100)
calls=1 0 
0 150
0 16

fn=(168)
0 7
cfn=(170) munmap
calls=1 0 
0 5
0 3

fn=(232) _dl_runtime_resolve_xsave
0 25
cfn=(234)
calls=1 0 
0 1017
0 15

fn=(233) _dl_runtime_resolve_xsave'2
0 1500
cfn=(234)
calls=60 0 
0 53310
0 900

fn=(54) _dl_important_hwcaps
0 96
cfn=(32)
calls=1 0 
0 34
0 1
0 162
cfn=(56)
calls=1 0 
0 22
0 5
cfn=(56)
calls=1 0 
0 22
0 4

fn=(62)
0 2

fn=(74)
0 333
cfn=(76)
calls=18 0 
0 1245
0 123
cfn=(78)
calls=3 0 
0 191
0 11
cfn=(80)
calls=1 0 
0 343
0 11
cfn=(82)
calls=1 0 
0 456
0 60
cfn=(92)
calls=3 0 
0 6685
0 7
cfn=(12)
calls=2 0 
0 127
0 82
cfn=(112)
calls=2 0 
0 3148
0 36
cfn=(82)
calls=2 0 
0 1145
0 157
cfn=(46)
calls=6 0 
0 105
0 12

fn=(116)
0 1762

fn=(1272) _dl_fini
0 23
cfn=(42)
calls=1 0 
0 2
0 100
cfn=(1274)
calls=1 0 
0 352
0 2
cfn=(44)
calls=1 0 
0 2
0 88
cob=(5)
cfi=(5)
cfn=(1318)
calls=1 0 
0 75
0 6
cob=(5)
cfi=(5)
cfn=(1314)
calls=1 0 
0 11
cob=(4)
cfi=(4)
cfn=(1288) 0x00000000000006a0
calls=1 0 
0 813
cob=(6)
cfi=(6)
cfn=(1276) 0x0000000000422a10
calls=1 0 
0 16
0 30
cob=(2)
cfi=(2)
cfn=(1334) 0x0000000004c27890
calls=1 0 
0 3
cob=(2)
cfi=(2)
cfn=(1312) 0x0000000004a2487c
calls=1 0 
0 3
cob=(2)
cfi=(2)
cfn=(1286) 0x00000000004ca710
calls=1 0 
0 3
0 73

fn=(52)
0 14
cfn=(54)
calls=1 0 
0 346
0 3
cfn=(32)
calls=1 0 
0 34
0 1
0 15
cfn=(32)
calls=1 0 
0 34
0 1
0 93

fn=(56)
0 174

fn=(136)
0 7
cfn=(36)
calls=1 0 
0 78
0 1
0 315
cfn=(28)
calls=1 0 
0 43
0 1
0 10

fn=(142)
0 34912
cfn=(76)
calls=226 0 
0 10764
0 12817
cfn=(144) check_match.9524
calls=155 0 
0 27229
0 778

fn=(2)
0 581
cfn=(4)
calls=1 0 
0 23
0 17
cfn=(6)
calls=1 0 
0 118218
0 59

fn=(12)
0 782

fn=(84)
0 20

fn=(122)
0 11
cfn=(68)
calls=1 0 
0 2
0 7
cfn=(124)
calls=1 0 
0 5614
0 10

fn=(58)
0 49

fn=(86)
0 15

fn=(100)
0 2324

fn=(118)
0 10
cfn=(12)
calls=2 0 
0 71
0 6
cfn=(32)
calls=2 0 
0 68
0 2
0 18
cfn=(38)
calls=2 0 
0 55

fn=(94)
0 40

fn=(134)
0 56

fn=(50)
0 5

fn=(72) map_doit
0 9
cfn=(74)
calls=1 0 
0 2683
0 3

fn=(104)
0 9

fn=(170)
0 5

fn=(24)
0 60
cfn=(12)
calls=4 0 
0 223
0 76
cfn=(28)
calls=4 0 
0 225
0 4
0 48
cfn=(38)
calls=4 0 
0 124
0 248
cfn=(12)
calls=3 0 
0 157
0 89
cfn=(56)
calls=3 0 
0 107
0 234
cfn=(32)
calls=3 0 
0 102
0 3
0 15

fn=(126)
0 47
cfn=(128)
calls=5 0 
0 5515
0 42

fn=(144)
0 3618
cfn=(46)
calls=92 0 
0 6428
0 4236
cfn=(46)
calls=143 0 
0 12375
0 572

fn=(14)
0 17

fn=(42)
0 10

fn=(66)
0 54
cfn=(68)
calls=6 0 
0 12
0 36
cfn=(70)
calls=6 0 
0 120
0 48
cfn=(110)
calls=5 0 
0 11679
cfn=(72)
calls=1 0 
0 2695
0 78

ob=(3)
fl=(3)
fn=(146)
0 5

fn=(148)
0 18
cfn=(150) _dl_vdso_vsym
calls=2 0 
0 14
0 12

fn=(314) _nl_load_locale_from_archive
0 377
cfn=(316) sysconf
calls=29 0 
0 986
0 172
cfn=(298) __GI_strcmp
calls=28 0 
0 1145
0 487
cfn=(306) __GI_strchr
calls=1 0 
0 28
0 8
cfn=(302) __GI_strlen
calls=1 0 
0 14
0 103
cfn=(298)
calls=1 0 
0 24
0 223
cob=(2)
cfi=(2)
cfn=(324) 0x0000000004e49990
calls=1 0 
0 1359
0 6
cfn=(364) strdup
calls=1 0 
0 181
0 133
cfn=(366) _nl_intern_locale_data
calls=12 0 
0 7985
0 130
cfn=(320) strchrnul
calls=1 0 
0 23
0 6
cfn=(322) _nl_normalize_codeset
calls=1 0 
0 3008
0 7
cfn=(304) __GI_strncmp
calls=1 0 
0 49
0 5
cfn=(302)
calls=1 0 
0 14
0 3
cfn=(302)
calls=1 0 
0 19
0 25
cfn=(342) __GI_mempcpy
calls=1 0 
0 22
0 4
cfn=(342)
calls=1 0 
0 18
0 5
cfn=(344) __GI_memcpy
calls=1 0 
0 18
0 4
cob=(2)
cfi=(2)
cfn=(346) 0x0000000004e49998
calls=1 0 
0 94
0 7
cfn=(280) __open_nocancel
calls=1 0 
0 5
0 7
cfn=(352) _fxstat
calls=1 0 
0 10
0 10
cfn=(354) mmap
calls=1 0 
0 33
0 27

fn=(344)
0 7578

fn=(352)
0 40

fn=(354)
0 99

fn=(396) bindtextdomain
0 40
cfn=(302)
calls=1 0 
0 19
0 3
cob=(2)
cfi=(2)
cfn=(324)
calls=1 0 
0 254
0 7
cfn=(344)
calls=1 0 
0 22
0 3
cfn=(298)
calls=1 0 
0 24
0 8
cfn=(364)
calls=1 0 
0 228
0 10

fn=(426) __wcsmbs_load_conv
0 17
cob=(6)
cfi=(11) /home/fdse/zdh/download/bash-5.0/lib/malloc/malloc.c
cfn=(430) calloc
calls=1 1412 
0 311
0 1
0 128
cfn=(432) __gconv_find_transform
calls=1 0 
0 1271
0 32
cfn=(432)
calls=1 0 
0 856
0 17

fn=(436) __gconv_load_cache
0 6
cfn=(300) getenv
calls=1 0 
0 288
0 8
cfn=(280)
calls=1 0 
0 5
0 8
cfn=(352)
calls=1 0 
0 10
0 12
cfn=(354)
calls=1 0 
0 33
0 34

fn=(522) setvbuf
0 118
cfn=(524) _IO_file_setbuf@@GLIBC_2.2.5
calls=2 0 
0 164
0 24

fn=(572) _IO_file_underflow@@GLIBC_2.2.5
0 23
cfn=(582) _IO_switch_to_get_mode
calls=1 0 
0 24
0 16
cfn=(584) _IO_file_read
calls=1 0 
0 13
0 24
cfn=(574) _IO_doallocbuf
calls=1 0 
0 144
0 2

fn=(578) _IO_file_stat
0 4
cfn=(352)
calls=1 0 
0 10

fn=(582)
0 24

fn=(598) _IO_sputbackc
0 36

fn=(608) _IO_file_close_it@@GLIBC_2.2.5
0 15
cfn=(610) _IO_unsave_markers
calls=1 0 
0 9
0 10
cfn=(580) _IO_setb
calls=1 0 
0 39
0 8
cfn=(606) _IO_un_link
calls=1 0 
0 10
0 20
cfn=(612) _IO_file_close
calls=1 0 
0 7
0 2

fn=(740) __errno_location
0 21

fn=(796) snprintf
0 14
cfn=(798) vsnprintf
calls=1 0 
0 1648
0 2

fn=(938) mbrtowc
0 16360
cfn=(940) _dl_mcount_wrapper_check
calls=409 0 
0 1636
0 3681
cfn=(942) __gconv_transform_utf8_internal
calls=409 0 
0 39673
0 7362

fn=(978) isatty
0 3
cfn=(980) tcgetattr
calls=1 0 
0 15
0 5

fn=(1004) getdtablesize
0 4
cfn=(866) getrlimit
calls=1 0 
0 5
0 6

fn=(1270) __run_exit_handlers
0 42
cfn=(1336) _IO_cleanup
calls=1 0 
0 281
0 5
cfn=(1340) _Exit
calls=1 0 
0 5
0 6
cob=(1)
cfi=(1)
cfn=(1272)
calls=1 0 
0 1602
0 1

fn=(158)
0 18
cfn=(150)
calls=2 0 
0 14
0 12

fn=(260) __sigjmp_save
0 38
cfn=(480) sigprocmask
calls=2 0 
0 14
0 30

fn=(302)
0 3564

fn=(306)
0 78

fn=(188)
0 27
cfn=(150)
calls=1 0 
0 7
0 8
cfn=(150)
calls=1 0 
0 7
0 10
cfn=(190) __init_misc
calls=1 0 
0 58
0 1
cfn=(194) __ctype_init
calls=1 0 
0 16
0 14

fn=(318) getpagesize
0 96

fn=(320)
0 184

fn=(370) _nl_postload_ctype
0 135

fn=(408) __ctype_get_mb_cur_max
0 35

fn=(416) nl_langinfo
0 9
cfn=(418) nl_langinfo_l
calls=3 0 
0 51

fn=(424) mblen
0 61
cfn=(426)
calls=1 0 
0 2633
0 2

fn=(466) getegid
0 3

fn=(478) __strncmp_sse42
0 256

fn=(552) _IO_new_file_init_internal
0 8
cfn=(554) _IO_link_in
calls=1 0 
0 82
0 5

fn=(554)
0 93

fn=(558) __GI_strstr
0 48

fn=(574)
0 23
cfn=(576) _IO_file_doallocate
calls=1 0 
0 119
0 2

fn=(600) __strtol_internal
0 6
cfn=(602) ____strtol_l_internal
calls=2 0 
0 353

fn=(606)
0 75

fn=(640) sigemptyset
0 1178

fn=(980)
0 15

fn=(988) __lseek_nocancel
0 15

fn=(1010) fcntl
0 65

fn=(1184) _IO_do_write@@GLIBC_2.2.5
0 41
cfn=(1196) _IO_file_write@@GLIBC_2.2.5
calls=1 0 
0 43
0 30

fn=(1214) ferror
0 72

fn=(196)
0 11

fn=(204) bsearch
0 584
cfn=(206) intel_02_known_compare
calls=54 0 
0 324
0 318

fn=(160)
0 15

fn=(362) __GI_memset
0 7684

fn=(440) __hash_string
0 312

fn=(550) _IO_old_init
0 69

fn=(602)
0 353

fn=(612)
0 2
cfn=(288) __close_nocancel
calls=1 0 
0 5

fn=(646) sigaction
0 56
cfn=(648) __libc_sigaction
calls=14 0 
0 1470

fn=(648)
0 1470

fn=(848) getpgrp
0 3

fn=(854) fileno
0 18

fn=(1302) __unregister_atfork
0 14

fn=(202) intel_check_word
0 188
cfn=(204)
calls=8 0 
0 1226
0 219

fn=(236) (below main)
0 25
cfn=(238) __cxa_atexit
calls=1 0 
0 61
0 13
cob=(6)
cfi=(6)
cfn=(242) __libc_csu_init
calls=1 0 
0 55
0 8
cfn=(256) _setjmp
calls=1 0 
0 30
0 14
cob=(6)
cfi=(7) /home/fdse/zdh/download/bash-5.0/shell.c
cfn=(262) main
calls=1 364 
0 587044

fn=(288)
0 15

fn=(310) memmem
0 580
cfn=(312) memchr
calls=29 0 
0 599
0 348

fn=(366)
0 403
cob=(2)
cfi=(2)
cfn=(324)
calls=12 0 
0 2330
0 5252

fn=(418)
0 51

fn=(526) _IO_default_setbuf
0 54
cfn=(528) _IO_file_sync@@GLIBC_2.2.5
calls=3 0 
0 51
0 96

fn=(528)
0 119

fn=(546) __fopen_internal
0 10
cob=(2)
cfi=(2)
cfn=(324)
calls=1 0 
0 195
0 11
cfn=(548) _IO_no_init
calls=1 0 
0 58
0 4
cfn=(552)
calls=1 0 
0 95
0 5
cfn=(556) _IO_file_fopen@@GLIBC_2.2.5
calls=1 0 
0 161
0 9
cfn=(560) __fopen_maybe_mmap
calls=1 0 
0 4

fn=(548)
0 30
cfn=(550)
calls=3 0 
0 69
0 43

fn=(566) _IO_getline_info
0 29
cfn=(312)
calls=1 0 
0 32
0 15
cfn=(568) __uflow
calls=1 0 
0 307
0 24
cfn=(344)
calls=1 0 
0 36
0 13

fn=(580)
0 93
cfn=(614) munmap
calls=1 0 
0 5
0 4

fn=(584)
0 5
cfn=(586) __read_nocancel
calls=1 0 
0 5
0 3

fn=(586)
0 20

fn=(592) _IO_str_init_static_internal
0 23
cfn=(594) __GI___rawmemchr
calls=1 0 
0 24
0 6
cfn=(580)
calls=1 0 
0 21
0 5
cfn=(580)
calls=1 0 
0 21
0 36

fn=(604) fclose@@GLIBC_2.2.5
0 33
cfn=(616) _IO_file_finish@@GLIBC_2.2.5
calls=1 0 
0 36
0 12
cob=(2)
cfi=(2)
cfn=(346)
calls=1 0 
0 162
0 8
cfn=(606)
calls=1 0 
0 55
0 5
cfn=(608)
calls=1 0 
0 120
0 3

fn=(618) _IO_default_finish
0 14
cfn=(606)
calls=1 0 
0 10

fn=(620) msort_with_tmp.part.0
0 21
cfn=(621) msort_with_tmp.part.0'2
calls=1 0 
0 8952
0 6
cfn=(621)
calls=1 0 
0 7827
0 677
cob=(6)
cfi=(21) /home/fdse/zdh/download/bash-5.0/builtins/common.c
cfn=(622) shell_builtin_compare
calls=71 889 
0 1532
0 424
cfn=(344)
calls=1 0 
0 243

fn=(621)
0 1466
cfn=(621)
calls=30 0 
0 20286
0 316
cfn=(621)
calls=42 0 
0 21826
0 4176
cob=(6)
cfi=(21)
cfn=(622)
calls=294 889 
0 5001
0 2850
cfn=(344)
calls=74 0 
0 2364
0 120
cfn=(344)
calls=24 0 
0 462
0 24

fn=(628)
0 5

fn=(696) __ctype_b_loc
0 135

fn=(804) _itoa_word
0 44

fn=(820) __strchr_sse42
0 10284

fn=(1182) _IO_file_overflow@@GLIBC_2.2.5
0 240
cfn=(1184)
calls=1 0 
0 99
0 8
cfn=(1184)
calls=1 0 
0 15

fn=(1198) write
0 2
cfn=(1200) __write_nocancel
calls=1 0 
0 5

fn=(1208) fflush
0 128
cfn=(528)
calls=4 0 
0 68
0 80

fn=(1222) __fpurge
0 13

fn=(1336)
0 9
cfn=(1338) _IO_flush_all_lockp
calls=1 0 
0 92
0 64
cfn=(524)
calls=1 0 
0 82
0 34

fn=(1340)
0 5

fn=(192) __GI_strrchr
0 34

fn=(194)
0 16

fn=(278) open
0 4
cfn=(280)
calls=2 0 
0 10

fn=(300)
0 855
cfn=(302)
calls=95 0 
0 1539
0 21633
cfn=(304)
calls=36 0 
0 1682
0 188

fn=(152)
0 5

fn=(154)
0 5

fn=(156)
0 16

fn=(316)
0 922
cfn=(318)
calls=30 0 
0 90
0 61
cfn=(864) __get_child_max
calls=1 0 
0 15
0 2
cfn=(540) get_phys_pages
calls=1 0 
0 3067
0 2

fn=(340) brk
0 520

fn=(460) geteuid
0 3

fn=(476)
0 5

fn=(490) __strrchr_sse42
0 112

fn=(564) _IO_getline
0 2
cfn=(566)
calls=1 0 
0 456

fn=(616)
0 12
cfn=(618)
calls=1 0 
0 24

fn=(664) sigdelset
0 10

fn=(672) gethostname
0 10
cfn=(674) uname
calls=1 0 
0 5
0 6
cfn=(302)
calls=1 0 
0 14
0 7
cfn=(344)
calls=1 0 
0 27
0 10

fn=(674)
0 5

fn=(730) _xstat
0 90

fn=(758) getpid
0 27

fn=(864)
0 4
cfn=(866)
calls=1 0 
0 5
0 6

fn=(866)
0 10

fn=(1178) printf
0 19
cfn=(800) vfprintf
calls=1 0 
0 816
0 2

fn=(150)
0 42

fn=(338) sbrk
0 365
cfn=(340)
calls=19 0 
0 247
0 185
cfn=(340)
calls=21 0 
0 273
0 84

fn=(448) getuid
0 3

fn=(524)
0 9
cfn=(526)
calls=3 0 
0 201
0 36

fn=(540)
0 2
cfn=(542) phys_pages_info
calls=1 0 
0 3065

fn=(542)
0 14
cfn=(544) fopen@@GLIBC_2.2.5
calls=1 0 
0 554
0 13
cfn=(588) sscanf
calls=1 0 
0 1521
0 6
cfn=(562) fgets_unlocked
calls=1 0 
0 494
0 4
cfn=(604)
calls=1 0 
0 434
0 10
cfn=(318)
calls=1 0 
0 3
0 12

fn=(544)
0 2
cfn=(546)
calls=1 0 
0 552

fn=(562)
0 21
cfn=(564)
calls=1 0 
0 458
0 15

fn=(596) _IO_vfscanf
0 608
cfn=(598)
calls=1 0 
0 18
0 202
cfn=(598)
calls=1 0 
0 18
0 15
cfn=(600)
calls=1 0 
0 253
0 235

fn=(610)
0 9

fn=(782) getppid
0 3

fn=(916) __memcpy_ssse3_back
0 238

fn=(1016) dup2
0 5

fn=(1338)
0 92

fn=(206)
0 324

fn=(312)
0 1230

fn=(364)
0 100
cfn=(302)
calls=20 0 
0 303
0 60
cob=(2)
cfi=(2)
cfn=(324)
calls=20 0 
0 2473
0 180
cfn=(344)
calls=20 0 
0 445

fn=(368) new_composite_name
0 702
cfn=(302)
calls=55 0 
0 770
0 10
cfn=(302)
calls=5 0 
0 70
0 825
cfn=(298)
calls=55 0 
0 1320
0 279
cfn=(298)
calls=7 0 
0 336
0 42
cfn=(298)
calls=7 0 
0 168
0 258
cfn=(302)
calls=24 0 
0 336
0 354
cfn=(298)
calls=22 0 
0 528
0 119
cob=(2)
cfi=(2)
cfn=(324)
calls=7 0 
0 943
0 91
cfn=(344)
calls=7 0 
0 154
0 15

fn=(432)
0 60
cfn=(438) __gconv_lookup_cache
calls=2 0 
0 1603
0 33
cfn=(434) __gconv_read_conf
calls=1 0 
0 429
0 2

fn=(438)
0 58
cfn=(440)
calls=2 0 
0 156
0 68
cfn=(298)
calls=5 0 
0 172
0 100
cfn=(440)
calls=2 0 
0 156
0 78
cfn=(298)
calls=5 0 
0 172
0 103
cob=(2)
cfi=(2)
cfn=(324)
calls=2 0 
0 282
0 77
cfn=(442) __gconv_get_builtin_trans
calls=1 0 
0 93
0 7
cfn=(442)
calls=1 0 
0 79
0 2

fn=(442)
0 172

fn=(480)
0 35

fn=(556)
0 70
cfn=(554)
calls=1 0 
0 11
0 3
cfn=(558)
calls=1 0 
0 48
0 22
cfn=(280)
calls=1 0 
0 5
0 2

fn=(560)
0 4

fn=(576)
0 19
cfn=(578)
calls=1 0 
0 14
0 16
cfn=(354)
calls=1 0 
0 33
0 7
cfn=(580)
calls=1 0 
0 21
0 9

fn=(588)
0 15
cfn=(590) vsscanf
calls=1 0 
0 1504
0 2

fn=(590)
0 15
cfn=(548)
calls=1 0 
0 42
0 7
cfn=(592)
calls=1 0 
0 80
0 5
cfn=(596)
calls=1 0 
0 1349
0 6

fn=(630) __strcmp_sse42
0 5160

fn=(802) _IO_default_xsputn
0 351
cfn=(1182)
calls=5 0 
0 165
0 304

fn=(940)
0 1636

fn=(942)
0 39673

fn=(986) lseek
0 6
cfn=(988)
calls=3 0 
0 15

fn=(994) read
0 6
cfn=(586)
calls=3 0 
0 15

fn=(1172) clearerr
0 32

fn=(1192) putc
0 38
cfn=(1194) __overflow
calls=1 0 
0 156
0 2

fn=(190)
0 12
cfn=(192)
calls=1 0 
0 34
0 12

fn=(238)
0 8
cfn=(240) __new_exitfn
calls=1 0 
0 39
0 14

fn=(240)
0 39

fn=(256)
0 2
cfn=(258) __sigsetjmp
calls=1 0 
0 28

fn=(298)
0 7585

fn=(304)
0 1731

fn=(378) __strlen_sse2_pminub
0 19416

fn=(390) __strcpy_sse2_unaligned
0 11564

fn=(454) getgid
0 3

fn=(538) qsort_r
0 29
cob=(2)
cfi=(2)
cfn=(324)
calls=1 0 
0 475
0 413
cfn=(620)
calls=1 0 
0 19682
0 403
cfn=(344)
calls=5 0 
0 235
0 807
cfn=(344)
calls=66 0 
0 3102
0 45
cfn=(344)
calls=5 0 
0 235
0 309
cfn=(344)
calls=5 0 
0 235
0 382
cob=(2)
cfi=(2)
cfn=(346)
calls=1 0 
0 232
0 15
cfn=(316)
calls=1 0 
0 3094
0 12
cfn=(316)
calls=1 0 
0 34
0 3

fn=(570) _IO_default_uflow
0 14
cfn=(572)
calls=1 0 
0 246
0 10

fn=(594)
0 24

fn=(614)
0 5

fn=(798)
0 20
cfn=(548)
calls=1 0 
0 42
0 8
cfn=(592)
calls=1 0 
0 56
0 4
cfn=(800)
calls=1 0 
0 1506
0 12

fn=(800)
0 67
cfn=(320)
calls=2 0 
0 46
0 42
cfn=(1180) _IO_file_xsputn@@GLIBC_2.2.5
calls=1 0 
0 19
cfn=(802)
calls=1 0 
0 20
0 10
cob=(2)
cfi=(2)
cfn=(346)
calls=2 0 
0 44
0 4
cob=(2)
cfi=(2)
cfn=(346)
calls=2 0 
0 44
0 337
cfn=(320)
calls=5 0 
0 115
0 80
cfn=(1180)
calls=1 0 
0 19
cfn=(802)
calls=4 0 
0 214
0 196
cfn=(802)
calls=2 0 
0 126
0 42
cfn=(804)
calls=2 0 
0 44
0 184
cfn=(1180)
calls=1 0 
0 421
cfn=(802)
calls=2 0 
0 166
0 82

fn=(818)
0 6

fn=(914)
0 11

fn=(1200)
0 5

fn=(1256) sigaddset
0 10

fn=(1268) exit
0 6
cfn=(1270)
calls=1 0 
0 1942

fn=(258)
0 114
cfn=(260)
calls=6 0 
0 82

fn=(280)
0 25

fn=(286) close
0 4
cfn=(288)
calls=2 0 
0 10

fn=(308) _nl_find_locale
0 551
cfn=(298)
calls=29 0 
0 1392
0 145
cfn=(298)
calls=29 0 
0 1008
0 116
cfn=(302)
calls=29 0 
0 466
0 232
cfn=(310)
calls=29 0 
0 1527
0 377
cfn=(312)
calls=29 0 
0 599
0 232
cfn=(314)
calls=29 0 
0 16784
0 348
cfn=(300)
calls=29 0 
0 8352
0 261
cfn=(300)
calls=29 0 
0 8416
0 145
cfn=(300)
calls=29 0 
0 6566
0 203

fn=(322)
0 70
cob=(2)
cfi=(2)
cfn=(324)
calls=1 0 
0 2871
0 67

fn=(342)
0 40

fn=(376)
0 7

fn=(388)
0 5

fn=(402) textdomain
0 30
cfn=(298)
calls=1 0 
0 48
0 5
cfn=(298)
calls=1 0 
0 48
0 4
cfn=(364)
calls=1 0 
0 160
0 5

fn=(434)
0 12
cfn=(436)
calls=1 0 
0 404
0 13

fn=(488)
0 6

fn=(510) tcgetpgrp
0 10
cfn=(512) ioctl
calls=2 0 
0 14
0 11

fn=(512)
0 14

fn=(536) qsort
0 2
cfn=(538)
calls=1 0 
0 29742

fn=(568)
0 32
cfn=(570)
calls=1 0 
0 270
0 5

fn=(1180)
0 57
cfn=(1182)
calls=1 0 
0 58
0 19
cfn=(802)
calls=1 0 
0 294
0 31

fn=(1194)
0 17
cfn=(1182)
calls=1 0 
0 139

fn=(1196)
0 22
cfn=(1198)
calls=1 0 
0 7
0 14

fn=(1300) __cxa_finalize
0 92
cfn=(1302)
calls=2 0 
0 14

fn=(198)
0 39
cfn=(200) handle_intel.isra.0
calls=1 0 
0 843
0 3
cfn=(200)
calls=1 0 
0 884
0 108

fn=(200)
0 40
cfn=(202)
calls=2 0 
0 1444
0 14
cfn=(202)
calls=2 0 
0 189
0 40

fn=(296) setlocale
0 299
cfn=(298)
calls=13 0 
0 336
0 189
cfn=(300)
calls=7 0 
0 2275
0 63
cfn=(308)
calls=5 0 
0 5650
0 50
cfn=(364)
calls=5 0 
0 880
0 30
cfn=(368)
calls=5 0 
0 5170
0 41
cfn=(370)
calls=1 0 
0 45
0 35
cob=(2)
cfi=(2)
cfn=(346)
calls=5 0 
0 570
0 35
cob=(2)
cfi=(2)
cfn=(346)
calls=5 0 
0 570
0 40
cob=(2)
cfi=(2)
cfn=(346)
calls=5 0 
0 110
0 196
cfn=(306)
calls=2 0 
0 50
0 340
cfn=(308)
calls=24 0 
0 42070
0 336
cfn=(298)
calls=24 0 
0 864
0 72
cfn=(364)
calls=12 0 
0 2112
0 50
cob=(2)
cfi=(2)
cfn=(346)
calls=2 0 
0 44
0 4
cob=(2)
cfi=(2)
cfn=(346)
calls=2 0 
0 44
0 10
cfn=(368)
calls=2 0 
0 2150
0 286
cfn=(370)
calls=2 0 
0 90
0 205
cob=(2)
cfi=(2)
cfn=(346)
calls=1 0 
0 114
0 10

ob=(6)
fl=(52) /home/fdse/zdh/download/bash-5.0/copy_cmd.c
fn=(1122) copy_word_list
71 6
+3 5
-13 1
cfi=(43) /home/fdse/zdh/download/bash-5.0/make_cmd.c
cfn=(1124) make_bare_word
calls=1 +24 
* 357
* 1
+1 1
+18 1
-18 1
+18 1
cfi=(43)
cfn=(1084) make_word_list
calls=1 +80 
* 305
* 1
-6 1
+7 1
-7 2
+3 2
-1 2
-15 2
+15 2
-15 1
cfi=(43)
cfn=(1124)
calls=1 +24 
* 454
+1 1
+15 2
-15 1
+15 1
cfi=(43)
cfn=(1084)
calls=1 +83 
* 171
-3 1
+3 2
-3 2
+12 7

fl=(31) /home/fdse/zdh/download/bash-5.0/builtins/./getopts.def
fn=(788) getopts_reset
99 1
+1 2

fl=(32) /home/fdse/zdh/download/bash-5.0/version.c
fn=(790) shell_version_string
64 2
-3 1
+7 9
cob=(1)
cfi=(1)
cfn=(233)
calls=1 -68 
* 2585
* 5
+12 3

fl=(7)
fn=(262)
364 9
+24 2
-24 1
+24 1
cob=(1)
cfi=(1)
cfn=(233)
calls=1 0 
* 1003
* 5
+1 2
+3 1
cfi=(8) /home/fdse/zdh/download/bash-5.0/print_cmd.c
cfn=(268) xtrace_init
calls=1 +1 
* 18
+6 1
cfi=(9) /home/fdse/zdh/download/bash-5.0/general.c
cfn=(272) check_dev_tty
calls=1 562 
* 1868
+7 2
+2 1
cfi=(10) /home/fdse/zdh/download/bash-5.0/locale.c
cfn=(290) set_default_locale
calls=1 78 
* 45149
1273 1
cob=(1)
cfi=(1)
cfn=(233)
calls=1 0 
* 918
* 5
+1 1
-1 1
+1 1
+2 3
+1 3
+1 3
+1 3
+2 1
+1 1
cob=(1)
cfi=(1)
cfn=(233)
calls=1 0 
* 902
* 5
* 1
+1 1
cob=(1)
cfi=(1)
cfn=(233)
calls=1 0 
* 909
* 5
* 1
+1 1
cob=(1)
cfi=(1)
cfn=(233)
calls=1 0 
* 909
* 5
+3 3
-3 1
+3 1
411 1
-2 1
+2 1
cfi=(14) /home/fdse/zdh/download/bash-5.0/lib/sh/getenv.c
cfn=(468) getenv
calls=1 52 
* 1480
* 2
+7 3
cob=(3)
cfi=(3)
cfn=(258)
calls=1 0 
* 42
* 1
* 2
+11 1
+1 2
-4 1
+4 1
+15 1
-11 1
-2 2
+1 3
+1 1
+2 1
+5 2
+4 3
+11 2
+1 2
1741 4
cfi=(9)
cfn=(482) base_pathname
calls=1 823 
* 977
* 1
+2 2
+7 3
+6 1
-1 4
+1 2
+1 16
cfi=(13) /home/fdse/zdh/download/bash-5.0/xmalloc.c
cfn=(380) sh_xmalloc
calls=1 176 
* 127
* 3
cob=(3)
cfi=(3)
cfn=(390)
calls=1 0 
* 25
* 1
* 1
+5 6
458 2
cob=(1)
cfi=(1)
cfn=(233)
calls=1 0 
* 897
* 5
* 1
+5 1
818 1
463 1
818 9
465 1
-2 2
+2 1
+6 2
+6 1
+4 1
874 1
477 1
+3 2
874 6
+1 1
-1 2
1287 4
1762 2
485 1
-4 1
+4 1
+6 5
cfi=(17) /home/fdse/zdh/download/bash-5.0/builtins/./shopt.def
cfn=(498) set_login_shell
calls=1 730 
* 7
+2 2
+6 2
+6 2
+21 1
-11 1
+11 1
+20 2
+8 2
+7 2
+5 1
cfn=(514) shell_initialize
calls=1 1841 
* 214322
+2 1
cfi=(10)
cfn=(884) set_default_lang
calls=1 303 
* 256468
+1 1
cfi=(10)
cfn=(948) set_default_locale_vars
calls=1 97 
* 1444
+12 2
+35 1
+6 2
-6 1
+1 2
+5 1
cob=(3)
cfi=(3)
cfn=(258)
calls=1 0 
* 42
* 1
+1 2
+21 1
-4 2
+4 1
+2 2
cfi=(15) /home/fdse/zdh/download/bash-5.0/variables.c
cfn=(950) unbind_variable
calls=1 3771 
* 205
+1 2
cfi=(15)
cfn=(950)
calls=1 3771 
* 194
+1 1
1226 1
664 1
1227 1
-1 1
676 1
-8 1
-4 1
+5 1
+7 1
+2 2
+11 5
+10 2
+10 6
+1 1
-1 1
+1 1
+13 1
cfi=(43)
cfn=(960) cmd_init
calls=1 66 
* 764
+1 1
cfi=(44) /home/fdse/zdh/download/bash-5.0/unwind_prot.c
cfn=(962) uwp_init
calls=1 106 
* 282
+2 2
526 2
+9 1
cfn=(500) init_noninteractive
calls=1 1781 
* 1033
* 1
-39 2
-85 2
cfi=(14)
cfn=(468)
calls=1 52 
* 562
* 3
557 1
cfn=(680) shell_is_restricted.part.1
calls=1 1221 
* 53
* 1
711 2
cfn=(958) maybe_make_restricted
calls=1 1244 
* 57
* 1
+94 1
cfi=(47) /home/fdse/zdh/download/bash-5.0/eval.c
cfn=(1032) reader_loop
calls=1 62 
* 39548
+1 2
cfn=(1244) exit_shell
calls=1 958 
* 4138
527 2
+2 1
-1 2
+1 2
745 3
1520 16
cfi=(13)
cfn=(380)
calls=1 176 
* 133
* 3
cob=(3)
cfi=(3)
cfn=(390)
calls=1 0 
* 29
* 1
+2 2
-2 2
+2 2
cob=(3)
cfi=(3)
cfn=(278)
calls=1 0 
* 7
* 1
+1 1
-1 1
+1 1
+26 4
cfi=(13)
cfn=(746) sh_xfree
calls=1 222 
* 96
+1 3
+1 1
-1 1
+1 2
+6 2
cfi=(9)
cfn=(750) file_isdir
calls=1 724 
* 27
* 2
+15 3
cfi=(15)
cfn=(716) find_variable
calls=1 2400 
* 242
* 5
+1 3
cfi=(15)
cfn=(716)
calls=1 2400 
* 260
* 5
+1 2
cfi=(15)
cfn=(716)
calls=1 2400 
* 232
* 5
+2 4
cfi=(33) /home/fdse/zdh/download/bash-5.0/array.c
cfn=(968) array_rshift
calls=1 268 
* 518
+1 2
+2 1
cfi=(45) /home/fdse/zdh/download/bash-5.0/execute_cmd.c
cfn=(970) executing_line_number
calls=1 351 
* 5
* 2
cfi=(29) /home/fdse/zdh/download/bash-5.0/lib/sh/itos.c
cfn=(972) itos
calls=1 46 
* 206
+1 1
-1 1
+1 3
cfi=(33)
cfn=(968)
calls=1 268 
* 423
+1 4
cfi=(13)
cfn=(746)
calls=1 222 
* 86
+2 4
cfi=(33)
cfn=(968)
calls=1 268 
* 428
+4 2
cob=(1)
cfi=(1)
cfn=(233)
calls=1 0 
* 922
* 5
+6 2
+82 4
cfi=(13)
cfn=(746)
calls=1 222 
* 103
+2 1
+11 2
+1 2
cfi=(9)
cfn=(1018) sh_unset_nodelay_mode
calls=1 499 
* 35
+6 2
765 2
+4 2
+27 1
-2 1
+2 1
1092 1
691 1
+1 1
1092 1
+31 1
+9 2
+26 2
695 2
-15 5
+2 2
+1 1
-1 3
+1 2
-1 1
+1 1
cfn=(956) bind_args
calls=1 1424 
* 20
* 2
1158 2
+2 6
+1 2
-1 1
+1 1
-1 1
+2 2
cfi=(15)
cfn=(764) get_string_value
calls=1 2515 
* 185
-88 2
1699 3
cfi=(46) /home/fdse/zdh/download/bash-5.0/input.c
cfn=(1020) with_input_from_buffered_stream
calls=1 598 
* 3253
* 1
1593 4
cob=(1)
cfi=(1)
cfn=(233)
calls=1 0 
* 883
* 5
* 2
+5 4
cob=(1)
cfi=(1)
cfn=(233)
calls=1 0 
* 876
* 5
+1 2
+22 4
cfi=(9)
cfn=(996) check_binary_file
calls=1 659 
* 106
* 2
+9 4
cob=(3)
cfi=(3)
cfn=(986)
calls=1 0 
* 7
* 1
+6 4
cfi=(9)
cfn=(998) move_to_high_fd
calls=1 616 
* 2887
+4 1
-1 1
+1 4
cob=(3)
cfi=(3)
cfn=(1010)
calls=1 0 
* 20
* 1
+29 2
1092 6
+1 2
+27 2
874 3
1550 16
cfi=(13)
cfn=(380)
calls=1 176 
* 133
* 3
cob=(3)
cfi=(3)
cfn=(390)
calls=1 0 
* 29
* 1
* 1

fn=(500)
1781 1
-2 1
+2 1
cfi=(18) /home/fdse/zdh/download/bash-5.0/bashhist.c
cfn=(502) bash_history_reinit
calls=1 284 
* 11
+3 1
-1 1
+6 1
-6 2
+2 1
-1 1
+5 6
+2 1
-2 1
cfi=(19) /home/fdse/zdh/download/bash-5.0/jobs.c
cfn=(504) set_job_control
calls=1 4792 
* 1004

fn=(514)
1841 2
+5 3
+8 1
cfi=(21)
cfn=(530) initialize_shell_builtins
calls=1 900 
* 30631
+6 1
cfi=(12) /home/fdse/zdh/download/bash-5.0/trap.c
cfn=(632) initialize_traps
calls=1 149 
* 5108
+1 2
cfi=(22) /home/fdse/zdh/download/bash-5.0/sig.c
cfn=(654) initialize_signals
calls=1 100 
* 2221
+3 2
+12 3
+4 1
cfi=(9)
cfn=(676) tilde_initialize
calls=1 1073 
* 718
1226 1
1883 1
1227 1
-1 2
1890 9
cfi=(15)
cfn=(682) initialize_shell_variables
calls=1 340 
* 160207
+6 2
cfi=(19)
cfn=(842) initialize_job_control
calls=1 4182 
* 3186
+3 1
cfi=(36) /usr/homes/chet/src/bash/src/parse.y
cfn=(868) initialize_bash_input
calls=1 1376 
* 11
+2 1
cfi=(34) /home/fdse/zdh/download/bash-5.0/flags.c
cfn=(870) initialize_flags
calls=1 385 
* 168
+7 8
cfi=(37) /home/fdse/zdh/download/bash-5.0/builtins/./set.def
cfn=(872) initialize_shell_options
calls=1 614 
* 4478
+1 10
cfi=(17)
cfn=(880) initialize_bashopts
calls=1 874 
* 4238
+5 3
-6 4
-18 5
cfn=(680)
calls=1 1221 
* 53
* 2
-42 2
cfi=(20) /home/fdse/zdh/download/bash-5.0/lib/sh/setlinebuf.c
cfn=(516) sh_setlinebuf
calls=1 37 
* 1335
+1 2
cfi=(20)
cfn=(516)
calls=1 37 
* 665
* 1
+18 3
cob=(1)
cfi=(1)
cfn=(233)
calls=1 0 
* 1053
* 5
* 2
+3 15
cfi=(13)
cfn=(380)
calls=1 176 
* 127
* 3
cob=(3)
cfi=(3)
cfn=(390)
calls=1 0 
* 22
* 1
* 2

fn=(956)
1424 9
+4 2
+44 9

fn=(680)
1221 2
+7 2
cfi=(9)
cfn=(482)
calls=2 823 
* 84
+1 2
-1 2
+1 4
+2 6
+1 4

fn=(958)
1244 1
+3 1
cfi=(9)
cfn=(482)
calls=1 823 
* 42
* 1
+2 4
+1 6
+13 2

fn=(1244)
958 2
+1 2
cob=(3)
cfi=(3)
cfn=(1208)
calls=1 0 
* 69
* 1
+1 2
cob=(3)
cfi=(3)
cfn=(1208)
calls=1 0 
* 69
* 1
+4 2
+3 1
cfi=(59) /home/fdse/zdh/download/bash-5.0/builtins/./read.def
cfn=(1246) read_tty_modified
calls=1 +86 
* 2
* 2
+5 2
cfi=(12)
cfn=(356) signal_is_trapped
calls=1 1342 
* 4
* 2
+4 1
cfi=(27) /home/fdse/zdh/download/bash-5.0/subst.c
cfn=(1034) unlink_fifo_list
calls=1 5630 
* 4
+4 3
+5 1
cfi=(45)
cfn=(1248) coproc_flush
calls=1 2061 
* 1125
+6 3
+9 3
+20 2
cob=(1)
cfi=(1)
cfn=(233)
calls=1 0 
* 2818
* 5
-28 1
+9 1
cfi=(19)
cfn=(1262) end_job_control
calls=1 4840 
* 9
* 1

fl=(46)
fn=(1022) fd_to_buffered_stream
391 1
fi=(25) /usr/include/sys/stat.h
+79 1
fe=(46)
-79 2
fi=(25)
+79 1
fe=(46)
-79 3
fi=(25)
+79 2
cob=(1)
cfi=(1)
cfn=(233)
calls=1 0 
* 932
* 5
fe=(46)
-74 2
+6 4
cob=(3)
cfi=(3)
cfn=(986)
calls=1 0 
* 7
* 1
* 5
+2 1
-2 1
+2 2
+1 4
cfi=(13)
cfn=(380)
calls=1 176 
* 148
193 3
405 1
193 1
cfi=(13)
cfn=(380)
calls=1 -17 
* 130
+1 1
-1 1
+1 1
+1 2
+5 1
-5 1
+1 1
+1 1
+1 1
+1 3
+1 1
407 1
+1 6
194 3
cfn=(1028) allocate_buffers
calls=1 -20 
* 1666
* 1

fn=(1028)
174 1
-4 1
+3 1
+1 1
+1 6
cfi=(13)
cfn=(896) sh_xrealloc
calls=1 +24 
* 543
+4 1
-4 1
+4 9
+1 2
-1 2
+1 548
-1 548
+2 2

fn=(1020)
598 3
+4 1
-4 1
+6 1
cfn=(1022)
calls=1 391 
* 2948
+1 9
cfi=(36)
cfn=(1030) init_yy_io
calls=1 1395 
* 286
+2 4

fn=(1058) buffered_getchar
569 14
+1 14
-1 14
+1 14
-1 14
+1 14
+2 98
+4 128
+8 52
-90 6
+5 8
+13 8
cfi=(49) /home/fdse/zdh/download/bash-5.0/lib/sh/zread.c
cfn=(1060) zread
calls=2 53 
* 88
* 2
+1 4
+13 1
-2 1
+2 1
+58 2
-58 1
+58 2
-68 1
+1 1
-2 2
+1 1
+1 1
+1 1
+3 2

fl=(42) /home/fdse/zdh/download/bash-5.0/lib/sh/unicode.c
fn=(944) u32reset
98 3
+2 9
+6 3
+1 3
+1 6

fl=(33)
fn=(822) array_insert
556 42
+5 21
+2 21
cfn=(812) array_create_element
calls=7 -45 
* 2839
+1 7
-1 7
+1 7
+6 42
+4 7
-3 7
+1 7
+1 7
+61 42

fn=(810) array_create
82 9
+4 36
cfi=(13)
cfn=(380)
calls=9 +90 
* 1792
+2 9
-2 9
+1 9
+1 9
+1 9
+2 9
-1 9
+1 9
cfn=(812)
calls=9 518 
* 2091
+1 18
+1 9
+2 27

fn=(812)
518 19
+3 19
-3 19
+3 19
-3 38
+3 19
-3 19
+3 19
cfi=(13)
cfn=(380)
calls=19 176 
* 3883
* 19
+1 19
+1 77
cob=(3)
cfi=(3)
cfn=(378)
calls=10 0 
* 163
* 10
* 40
cfi=(13)
cfn=(380)
calls=10 176 
* 1391
* 30
cob=(3)
cfi=(3)
cfn=(390)
calls=10 0 
* 223
* 10
* 19
+1 19
+2 19
-2 19
+2 76

fn=(968)
268 3
+3 3
-3 9
+3 15
+2 6
+3 3
+1 3
-1 3
+1 3
+1 9
cfn=(812)
calls=3 518 
* 1258
+1 15
+1 6
+1 3
-1 3
+1 3
+16 12
-26 6
+11 3
+1 3

fl=(6)
fn=(1280) 0x00000000004229a0
0 8

fn=(224)
0 11
cob=(1)
cfi=(1)
cfn=(232)
calls=1 0 
0 588307
0 5

fn=(248) 0x0000000000422a30
0 15

fn=(1276)
0 5
cfn=(1280)
calls=1 0 
0 8
0 3

fn=(242)
0 16
cob=(2)
cfi=(2)
cfn=(244) 0x000000000041f3f8
calls=1 0 
0 6
0 7
cfn=(248)
calls=1 0 
0 15
0 11

fl=(39) /home/fdse/zdh/download/bash-5.0/lib/sh/utf8.c
fn=(928) utf8_mbschr
40 377
cob=(3)
cfi=(3)
cfn=(820)
calls=377 -40 
* 10126
* 377

fl=(43)
fn=(1084)
160 35
+3 26
+2 1
+1 1
+2 4
-5 24
cfi=(13)
cfn=(380)
calls=6 +13 
* 1134
+2 6
+1 6
+2 24

fn=(1086) clean_simple_command
837 3
+1 1
-1 1
+1 2
+5 8
cfi=(50) /home/fdse/zdh/download/bash-5.0/list.c
cfn=(1088) list_reverse
calls=1 68 
* 16
* 1
-1 1
+3 3
-1 1
+6 1
-2 1
+2 4
-11 2

fn=(960)
66 1
+1 4
cfi=(13)
cfn=(380)
calls=1 176 
* 272
+1 3
-1 3
+1 1
cfi=(13)
cfn=(380)
calls=1 176 
* 475
* 3
+1 2

fn=(1072) alloc_word_desc
76 29
+1 1
+1 1
+2 1
-7 7
+3 28
cfi=(13)
cfn=(380)
calls=7 176 
* 1153
+1 7
+1 7
+2 14

fn=(1080) make_simple_command
525 8
+4 4
+6 4
+2 6
cfn=(1084)
calls=2 160 
* 424
+1 2
-1 2
+16 12
-22 1
cfn=(1082) make_bare_simple_command
calls=1 -31 
* 400
+1 1
-1 1
+1 3

fn=(1124)
85 8
+3 2
cfn=(1072)
calls=2 -12 
* 330
+2 2
-2 2
+2 2
+1 4
cob=(3)
cfi=(3)
cfn=(378)
calls=2 -91 
* 28
* 2
* 8
cfi=(13)
cfn=(380)
calls=2 +85 
* 359
* 6
cob=(3)
cfi=(3)
cfn=(390)
calls=2 -91 
* 44
* 2
* 2
+8 10

fn=(1082)
500 1
+4 4
cfi=(13)
cfn=(380)
calls=1 176 
* 199
+1 3
-1 1
+1 1
cfi=(13)
cfn=(380)
calls=1 176 
* 179
+3 1
-3 1
+2 1
+2 1
+1 1
-2 1
+9 1
-5 1
+1 1
+1 1
+3 2

fl=(54) /home/fdse/zdh/download/bash-5.0/dispose_cmd.c
fn=(1138) dispose_word
248 16
+1 48
cfi=(13)
cfn=(746)
calls=8 -27 
* 812
+1 192
+1 16

fn=(1238) dispose_command
38 6
+1 2
+3 3
+3 5
206 1
-1 2
+1 4
-1 2
cfi=(13)
cfn=(746)
calls=1 +17 
* 163
-54 1
+1 2
cfn=(1146) dispose_words
calls=1 266 
* 334
+1 2
cfn=(1240) dispose_redirects
calls=1 305 
* 12
+1 4
cfi=(13)
cfn=(746)
calls=1 +68 
* 143
+1 1

fn=(1240)
305 1
+3 2
-3 3
+3 2
+34 4

fn=(1146)
266 16
+3 8
+8 14
-8 7
+8 133
-8 10
+4 3
-1 3
+1 3
cfn=(1138)
calls=3 -25 
* 422
* 4
-1 4
+1 4
cfn=(1138)
calls=4 -25 
* 532
+4 21
+3 16

fl=(51) /home/fdse/zdh/download/bash-5.0/redir.c
fn=(1102) do_redirections
213 10
+4 4
+2 6
+5 4
+4 4
+10 2
-1 2
+1 6

fl=(30) /home/fdse/zdh/download/bash-5.0/lib/sh/fmtulong.c
fn=(786) fmtumax
90 24
+5 12
+3 18
+13 6
+1 12
+6 6
+4 6
-3 6
+3 24
+47 12
+18 12
+4 6
-1 6
+1 18
-12 12
-67 12
+13 12
+2 12
+1 4
+4 4
+8 26
+1 2
-1 2
+1 4
-1 66
+1 6
-1 6
+1 14

fl=(22)
fn=(634) set_signal_handler
751 42
+10 14
-7 14
+7 14
+6 22
+5 22
-17 22
+18 3
+2 6
cob=(3)
cfi=(3)
cfn=(640)
calls=2 0 
* 76
cob=(1)
cfi=(1)
cfn=(233)
calls=1 0 
* 1021
* 7
* 22
cob=(3)
cfi=(3)
cfn=(640)
calls=11 0 
* 418
* 11
+1 28
cob=(3)
cfi=(3)
cfn=(640)
calls=14 0 
* 532
* 14
+1 56
cob=(3)
cfi=(3)
cfn=(646)
calls=13 0 
* 1417
cob=(1)
cfi=(1)
cfn=(233)
calls=1 0 
* 1085
* 18
* 28
+1 14
+3 42

fn=(654)
100 1
303 3
+6 2
cob=(3)
cfi=(3)
cfn=(640)
calls=1 0 
* 38
* 1
+1 4
cob=(1)
cfi=(1)
cfn=(233)
calls=1 0 
* 981
* 5
+2 3
cob=(1)
cfi=(1)
cfn=(233)
calls=1 0 
* 947
* 5
+5 3
cfn=(634)
calls=1 751 
* 214
+2 3
107 1
-5 1
cfi=(19)
cfn=(666) initialize_job_signals
calls=1 4408 
* 9

fl=(34)
fn=(876) find_flag
219 19
+2 649
-2 790
+3 76

fn=(856) change_flag
239 1
-5 1
+5 2
-18 25
-2 28
+3 3
+23 4
+4 1
-1 1
+1 3
+3 4
+12 2
cfi=(19)
cfn=(504)
calls=1 4792 
* 15
+32 3

fn=(870)
385 2
+3 2
+1 1
-1 6
+1 21
-1 126
+2 3
+1 1
+1 2
-1 2
+1 2

fl=(21)
fn=(1202) sh_chkwrite
340 1
-1 2
+1 5
+1 2
cob=(1)
cfi=(1)
cfn=(233)
calls=1 0 
* 960
* 5
+1 6
+1 2
cob=(1)
cfi=(1)
cfn=(233)
calls=1 0 
* 927
* 5
* 1
+7 1
-7 1
+8 3

fn=(744) set_working_directory
593 2
+1 3
+1 2
cob=(3)
cfi=(3)
cfn=(378)
calls=1 0 
* 31
* 1
* 4
cfi=(13)
cfn=(380)
calls=1 176 
* 130
* 3
cob=(3)
cfi=(3)
cfn=(390)
calls=1 0 
* 41
* 1
+1 1
-1 1
+1 1

fn=(1076) builtin_address_internal
818 14
+6 2
-6 4
+6 8
-2 4
+24 6
-22 12
+2 24
+2 72
+2 36
+1 12
cob=(3)
cfi=(3)
cfn=(630)
calls=6 0 
* 132
* 6
+2 12
+12 20
+3 4
-24 8
+27 18
-13 4
+1 2
-1 4
+12 2
-10 2
+10 8

fn=(1156) find_shell_builtin
857 1
+1 2
cfn=(1076)
calls=1 -40 
* 208
+1 1
-1 1
+1 2
+1 2

fn=(530)
900 5
cob=(1)
cfi=(1)
cfn=(233)
calls=1 0 
* 30621
* 5

fn=(622)
889 2190
+1 94
cob=(3)
cfi=(3)
cfn=(630)
calls=93 0 
* 2924
cob=(1)
cfi=(1)
cfn=(233)
calls=1 0 
* 956
* 98
+3 271

fl=(26) /home/fdse/zdh/download/bash-5.0/lib/sh/pathcanon.c
fn=(732) sh_canonpath
107 1
+6 1
-6 9
+6 3
+4 7
+8 1
-2 1
+2 2
+1 1
-7 2
+79 1
-38 1
-11 3
+49 1
-38 2
-11 10
+2 18
+2 10
+40 10
+1 4
+1 4
-1 4
+1 72
+1 81
-1 81
+3 15
-49 10
+69 3
+2 1
+5 2
+9 13
-82 8
+52 5
+2 5
-1 5
+1 10
cfn=(734) _path_isdir
calls=5 77 
* 1250
* 10
+6 12
-99 1
cob=(3)
cfi=(3)
cfn=(378)
calls=1 0 
* 31
* 1
* 4
cfi=(13)
cfn=(380)
calls=1 +63 
* 130
* 3
cob=(3)
cfi=(3)
cfn=(390)
calls=1 0 
* 41
* 1
* 2
225 2
125 2

fn=(734)
77 15
+5 5
cob=(3)
cfi=(3)
cfn=(740)
calls=4 -82 
* 12
cob=(1)
cfi=(1)
cfn=(233)
calls=1 -82 
* 1069
* 9
fi=(25)
456 5
fe=(26)
82 5
fi=(25)
456 15
cob=(3)
cfi=(3)
cfn=(730)
calls=5 0 
* 50
* 5
fe=(26)
83 40
+6 20

fl=(27)
fn=(1140) dequote_list
4325 1
+4 1
-4 3
+4 2
+5 3
cfi=(13)
cfn=(746)
calls=1 222 
* 105
+1 1
-6 2
+6 1
-6 1
+2 3
cfn=(1142) dequote_string
calls=1 -96 
* 390
+1 1
-1 1
+1 3
+6 5

fn=(1126) expand_word_internal
9705 18
+53 2
-3 2
-50 6
+53 4
+16 8
cfi=(13)
cfn=(380)
calls=2 176 
* 366
+1 2
+6 2
-7 2
+2 4
+6 4
+2 2
cob=(3)
cfi=(3)
cfn=(408)
calls=2 0 
* 10
* 2
+4 2
-4 2
+4 8
cob=(3)
cfi=(3)
cfn=(378)
calls=2 0 
* 28
* 2
* 2
+2 6
+1 2
-17 4
+23 6
-22 2
+18 2
-15 4
-2 2
+1 2
+2 4
+20 6
+3 25
737 25
+7 20
cob=(3)
cfi=(3)
cfn=(916)
calls=5 0 
* 70
* 5
+2 5
+2 10
-2 5
+2 10
cfi=(13)
cfn=(746)
calls=5 222 
* 458
* 5
9799 15
+3 50
10363 8
+73 4
10580 8
cfi=(13)
cfn=(746)
calls=2 222 
* 6
+1 2
+1 16
9828 20
736 25
cob=(3)
cfi=(3)
cfn=(378)
calls=1 0 
* 14
* 1
* 2
+1 6
10136 2
+4 2
-1 1
+1 1
-1 2
+1 3
cfn=(1134) string_extract_double_quoted
calls=1 849 
* 426
+6 1
-6 1
+6 2
+2 4
10298 2
10460 6
+25 6
+13 2
-13 4
+13 4
10363 24
+33 16
fi=(53) /home/fdse/zdh/download/bash-5.0/./include/shmbchar.h
70 24
fe=(27)
10396 24
cfi=(13)
cfn=(380)
calls=4 176 
* 448
* 60
736 12
9758 5
10518 6
+33 2
cfi=(43)
cfn=(1072)
calls=2 76 
* 176
* 2
+1 18
+3 4
+1 6
+4 4
9812 4
10396 8
-95 3
cfn=(1148) quote_string
calls=1 4201 
* 323
+1 3
-1 1
+1 2
cfi=(13)
cfn=(746)
calls=1 222 
* 94
+1 1
10144 1
+2 6
+4 1
cfi=(43)
cfn=(1072)
calls=1 76 
* 165
* 1
+1 1
+2 3
+2 2
+2 2
+2 2
+7 6
-2 1
+2 1
cfn=(1127) expand_word_internal'2
calls=1 9705 
* 2270
* 1
+1 2
+2 5
+11 3
cfi=(54)
cfn=(1138)
calls=1 248 
* 130
+8 3
+10 5
+21 3
cfn=(1140)
calls=1 4325 
* 523
+2 4
+26 2
+2 2
10564 8
+2 6
+2 4
+2 4
+2 4
+2 4
+2 8
cfi=(43)
cfn=(1084)
calls=2 160 
* 190
* 4
-11 2
10261 5
cob=(3)
cfi=(3)
cfn=(378)
calls=1 0 
* 14
* 1
* 4
cfi=(13)
cfn=(380)
calls=1 176 
* 125
* 3
cob=(3)
cfi=(3)
cfn=(390)
calls=1 0 
* 25
* 1
+1 1
-1 2
+1 1
+1 1
-1 2
+1 1
cfi=(54)
cfn=(1146)
calls=1 266 
* 187
+15 3
+7 3
-87 2

fn=(1127)
9705 9
+53 1
-3 1
-50 3
+53 2
+16 4
cfi=(13)
cfn=(380)
calls=1 176 
* 224
+1 1
+6 1
-7 1
+2 2
+6 2
+2 1
cob=(3)
cfi=(3)
cfn=(408)
calls=1 0 
* 5
* 1
+4 1
-4 1
+4 4
cob=(3)
cfi=(3)
cfn=(378)
calls=1 0 
* 14
* 1
* 1
+2 3
+1 1
-17 2
+23 3
-22 1
+18 1
-15 2
-2 1
+1 1
+2 2
+20 3
+3 14
736 10
+1 30
+7 20
cob=(3)
cfi=(3)
cfn=(916)
calls=5 0 
* 70
* 5
+2 5
+2 10
-2 5
+2 10
cfi=(13)
cfn=(746)
calls=5 222 
* 450
* 5
9799 15
+3 60
10363 15
+4 10
+1 10
+1 10
+10 10
+1 10
+4 5
-4 5
+4 10
fi=(53)
70 30
fe=(27)
10384 10
+52 2
10580 4
cfi=(13)
cfn=(746)
calls=1 222 
* 3
+1 1
+1 8
736 20
10460 3
+25 3
+13 1
-13 2
+13 2
736 15
10518 3
+33 1
cfi=(43)
cfn=(1072)
calls=1 76 
* 165
* 1
+1 3
+3 2
+1 3
+4 2
10121 10
10384 30
cfi=(13)
cfn=(380)
calls=5 176 
* 565
* 95
10564 2
+2 3
+2 2
+2 2
+2 2
+2 2
+2 4
cfi=(43)
cfn=(1084)
calls=1 160 
* 171
* 2
-11 2

fn=(1118) expand_words
10979 2
cfn=(1120) expand_word_list_internal
calls=1 11402 
* 10265

fn=(1142)
4235 24
+11 3
-7 3
+7 9
+2 9
cfi=(13)
cfn=(380)
calls=3 176 
* 410
+2 3
-2 3
+2 6
+7 6
+9 6
+3 3
-3 3
cob=(3)
cfi=(3)
cfn=(820)
calls=3 0 
* 71
* 3
* 3
-18 3
+18 5
+5 4
+2 20
fi=(53)
70 60
fe=(27)
4279 130
-8 30
+11 2
-34 2
+36 24
-8 10
-1 10
+1 20
+3 10
-4 10
+4 10
-33 15
cob=(3)
cfi=(3)
cfn=(378)
calls=3 0 
* 42
* 3
* 9
+11 4
+10 3
cob=(3)
cfi=(3)
cfn=(390)
calls=1 0 
* 21
* 1
* 1

fn=(1162) copy_fifo_list
5564 3
+2 2
+1 1
+8 2

fn=(1148)
4201 7
+5 2
+8 1
+2 1
cob=(3)
cfi=(3)
cfn=(378)
calls=1 0 
* 14
* 1
+1 1
+2 4
cfi=(13)
cfn=(380)
calls=1 176 
* 143
+2 1
-2 1
+2 3
+2 1
+1 2
-1 4
+1 13
-1 5
+1 5
fi=(53)
70 30
fe=(27)
4224 65
-3 10
+5 1
+3 8

fn=(1120)
11402 7
+6 1
-1 1
-5 1
+6 1
+3 1
cfi=(52)
cfn=(1122)
calls=1 71 
* 1335
* 2
+1 4
+40 9
11119 2
+2 4
-2 2
+2 4
+7 6
+14 6
cfi=(38) /home/fdse/zdh/download/bash-5.0/lib/sh/mbschr.c
cfn=(926) mbschr
calls=2 49 
* 84
* 4
+26 4
-51 6
+54 2
+3 2
+1 5
cfi=(50)
cfn=(1088)
calls=1 68 
* 16
* 1
11453 1
11224 2
+1 9
-1 6
+55 1
-54 3
+14 1
-9 1
+9 4
-9 1
+9 3
+96 8
-1 2
+1 2
cfn=(1126)
calls=2 9705 
* 6832
+3 2
-3 2
+3 6
+19 2
+2 2
-2 4
+11 2
cfn=(1128) word_list_remove_quoted_nulls
calls=2 4450 
* 126
+4 8
+1 8
cfi=(50)
cfn=(1132) list_append
calls=2 96 
* 20
11228 2
11373 2
11228 6
10869 2
+3 3
+3 4
+9 3
+9 2
+20 3
11414 2
-37 2
cfi=(54)
cfn=(1146)
calls=1 266 
* 334
+2 2
+1 5
cfi=(50)
cfn=(1088)
calls=1 68 
* 16
+83 1
-83 1
+83 1
+2 5
+8 6
11353 1
11524 8
-59 2
11084 4
cfn=(1142)
calls=2 4235 
* 624
* 2
+1 10
cfi=(13)
cfn=(746)
calls=2 222 
* 210
+1 4
+1 6
+3 4
cfi=(23) /home/fdse/zdh/download/bash-5.0/lib/sh/stringvec.c
cfn=(1152) strvec_dispose
calls=2 96 
* 12
-80 4
+83 1
-66 1
-4 1
+4 3
-4 1
+4 2
+1 4
cfi=(55) /home/fdse/zdh/download/bash-5.0/pathexp.c
cfn=(1150) unquoted_glob_pattern_p
calls=2 65 
* 357
-1 2
+3 2
-3 2
+69 2
+3 2
+1 5
cfi=(50)
cfn=(1088)
calls=1 68 
* 16
* 1
11467 2

fn=(1128)
4450 2
-3 4
+3 4
+2 6
cfn=(1130) remove_quoted_nulls
calls=2 -54 
* 96
+1 2
-3 2
+3 2
-3 4
+5 4

fn=(760) setifs
10718 1
-5 1
+4 1
+1 3
+2 1
-2 2
+3 1
-3 1
+3 2
+4 1
-4 1
+4 38
+1 15
+3 3
-3 3
+14 5
+1 3
+9 1
+10 1
-10 1
+1 1
+1 1
-2 1
+10 1
-39 2

fn=(1034)
5630 16

fn=(1130)
4398 2
+5 2
-5 14
+3 2
+2 2
cob=(3)
cfi=(3)
cfn=(820)
calls=2 0 
* 50
* 2
* 4
+37 18

fn=(1160) num_fifos
5611 4

fn=(1134)
849 11
+11 1
-11 1
+9 1
+2 2
cob=(3)
cfi=(3)
cfn=(378)
calls=1 0 
* 14
* 1
+3 1
-3 1
+6 1
-3 1
-2 1
+5 2
-5 1
+2 1
+3 1
cfi=(13)
cfn=(380)
calls=1 176 
* 127
+3 2
+78 1
-81 1
-1 3
+3 1
+79 4
-77 3
+3 12
+31 10
fi=(53)
70 30
fe=(27)
904 100
-34 15
1000 2
+3 9
-92 12
+11 12
+9 12
+10 12
+41 12
+4 2
+9 1
+4 2

fl=(13)
fn=(380)
176 4536
+8 1701
+1 2268
cfi=(11)
cfn=(382) sh_malloc
calls=567 1302 
* 89822
+2 567
-2 567
+2 567
+4 3969
-7 2
cob=(3)
cfi=(3)
cfn=(338)
calls=1 0 
* 37
* 1
* 3

fn=(896)
199 63
+8 21
+1 19
cfi=(11)
cfn=(1066) sh_realloc
calls=1 1312 
* 82
* 1
+2 2
+4 49
-6 24
cfi=(11)
cfn=(382)
calls=6 1302 
* 1664
* 6
+2 12

fn=(746)
222 88
+1 41
cfi=(11)
cfn=(748) sh_free
calls=41 1321 
* 4293
* 3

fl=(20)
fn=(516)
37 2
+8 2
-8 2
+8 6
cfi=(13)
cfn=(380)
calls=2 176 
* 758
+10 6
+8 2
-8 4
cob=(3)
cfi=(3)
cfn=(522)
calls=1 -55 
* 153
cob=(1)
cfi=(1)
cfn=(233)
calls=1 -55 
* 1059
* 6

fl=(19)
fn=(504)
4792 4
+3 2
+1 2
+2 4
+3 6
+14 2
-14 2
+14 4
+4 6
-20 2
cob=(1)
cfi=(1)
cfn=(233)
calls=1 0 
* 976
* 5
* 4

fn=(666)
4408 1
+1 3
+7 3
+8 2

fn=(842)
4182 4
+5 1
cob=(1)
cfi=(1)
cfn=(233)
calls=1 0 
* 926
* 5
+2 1
-2 1
+2 1
+7 2
4314 1
-2 4
+2 1
cob=(3)
cfi=(3)
cfn=(854)
calls=1 0 
* 6
* 1
* 3
+3 3
cfi=(22)
cfn=(634)
calls=1 751 
* 209
+2 6
cfi=(34)
cfn=(856)
calls=1 239 
* 93
+2 3
+3 2
4200 1
-2 1
+1 1
+1 1
cob=(1)
cfi=(1)
cfn=(233)
calls=1 0 
* 906
* 5
+1 1
-1 1
+1 1
cob=(3)
cfi=(3)
cfn=(510)
calls=1 0 
* 15
* 1
* 4
4325 1
cfi=(35) /home/fdse/zdh/download/bash-5.0/lib/sh/oslib.c
cfn=(858) getmaxchild
calls=1 285 
* 965
* 3
+9 1
-9 1
+10 4

fn=(1262)
4840 1
+1 3
+8 3
+2 2

fn=(650) get_original_tty_job_signals
2185 3
-3 1
+5 3
+8 2
cfi=(12)
cfn=(652) get_original_signal
calls=1 786 
* 450
+1 2
cfi=(12)
cfn=(652)
calls=1 786 
* 450
+1 2
cfi=(12)
cfn=(652)
calls=1 786 
* 450
+2 1
+2 2

fn=(1052) notify_and_cleanup
3162 2
+1 6
+3 12
+1 2
cfn=(1054) notify_of_job_status
calls=2 4047 
* 6
+3 2
-1 2
cfn=(1056) cleanup_dead_jobs
calls=2 1011 
* 8

fn=(1054)
4047 4
4176 2

fn=(1056)
1011 6
+34 2

fl=(59)
fn=(1246)
1053 2

fl=(45)
fn=(1104) execute_simple_command
4152 10
+13 1
-3 1
-10 2
+13 5
+3 3
+10 1
-1 1
+1 1
cfi=(8)
cfn=(1106) print_simple_command
calls=1 958 
* 709
+5 2
cfi=(12)
cfn=(1114) signal_in_progress
calls=1 1392 
* 4
* 5
+9 1
cfi=(12)
cfn=(1116) run_debug_trap
calls=1 1091 
* 15
+4 1
-4 1
+4 2
+5 7
+11 1
-9 1
+1 1
+8 9
-6 1
+88 6
+4 3
+3 1
-1 1
4052 1
4300 1
4052 3
+9 3
4303 2
+2 1
cfi=(27)
cfn=(1118)
calls=1 10979 
* 10267
+1 1
-1 1
+1 1
+10 1
-8 1
+8 1
+18 2
cfi=(44)
cfn=(1094) begin_unwind_frame
calls=1 132 
* 312
+2 3
+5 2
+8 3
+7 4
cfi=(15)
cfn=(1154) find_function
calls=1 2473 
* 38
* 3
4186 3
+1 6
cob=(3)
cfi=(3)
cfn=(378)
calls=1 0 
* 14
* 1
* 4
cfi=(13)
cfn=(380)
calls=1 176 
* 230
* 3
cob=(3)
cfi=(3)
cfn=(390)
calls=1 0 
* 22
* 1
* 2
4368 3
-2 1
+2 1
cfi=(44)
cfn=(1098) add_unwind_protect
calls=1 159 
* 228
+1 6
+3 9
+2 2
+4 5
+12 3
+43 2
+3 1
+3 1
-2 1
-1 1
+3 1
-15 1
+2 6
+7 3
+1 2
cfi=(21)
cfn=(1156)
calls=1 857 
* 217
* 2
4560 2
cfi=(44)
cfn=(1226) discard_unwind_frame
calls=1 140 
* 280
+1 1
+1 1
+1 8
4068 4
-16 9
+19 7
+1 6
+35 6
-36 4
4552 2
cfn=(1232) bind_lastarg
calls=1 3953 
* 835
+2 2
cfi=(54)
cfn=(1146)
calls=1 266 
* 345
+1 2
+2 2
+1 3
4441 2
+2 1
+2 2
-2 1
+1 2
+1 1
cfi=(44)
cfn=(1158) unwind_protect_mem
calls=1 368 
* 328
+1 3
cfi=(44)
cfn=(1158)
calls=1 368 
* 246
+2 3
+29 1
5174 1
4477 3
5174 1
cfi=(44)
cfn=(1094)
calls=1 132 
* 312
+3 1
cfi=(27)
cfn=(1160)
calls=1 5611 
* 2
+1 1
-1 1
+1 1
cfi=(27)
cfn=(1162)
calls=1 5564 
* 8
+1 1
-1 1
+1 1
+4 3
cfi=(51)
cfn=(1102)
calls=1 213 
* 19
* 2
+10 1
+3 1
-3 1
+3 1
476 3
5205 2
+8 1
-2 1
+2 1
+1 5
cfn=(1164) execute_builtin.isra.2
calls=1 4592 
* 5924
* 1
+5 2
cob=(3)
cfi=(3)
cfn=(1208)
calls=1 0 
* 69
* 1
+1 2
cfi=(58) /home/fdse/zdh/download/bash-5.0/lib/sh/fpurge.c
cfn=(1216) fpurge
calls=1 125 
* 961
+1 2
cob=(3)
cfi=(3)
cfn=(1214)
calls=1 0 
* 36
* 1
* 2
+9 2
+16 3
+6 1
cfn=(1224) undo_partial_redirects
calls=1 455 
* 6
+4 1
cfi=(27)
cfn=(1160)
calls=1 5611 
* 2
+1 2
+2 2
+2 2
cfi=(44)
cfn=(1226)
calls=1 140 
* 117
4479 2
+2 2
+29 3
+11 2
cfi=(15)
cfn=(1228) set_pipestatus_from_exit
calls=1 6241 
* 2119
+2 1
4071 2

fn=(1224)
455 1
+1 3
+5 2

fn=(1236) dispose_fd_bitmap
325 2
+1 6
cfi=(13)
cfn=(746)
calls=1 222 
* 163
+1 3
+1 1
-1 1
cfi=(13)
cfn=(746)
calls=1 222 
* 123

fn=(1250) coproc_dispose.part.6
2036 3
+8 2
cob=(3)
cfi=(3)
cfn=(640)
calls=1 0 
* 38
* 1
* 3
cob=(1)
cfi=(1)
cfn=(233)
calls=1 0 
* 963
* 5
* 2
cob=(3)
cfi=(3)
cfn=(640)
calls=1 0 
* 38
* 1
* 4
cob=(3)
cfi=(3)
cfn=(480)
calls=1 0 
* 7
* 1
+2 1
-1 1
+1 1
cfn=(1258) coproc_unsetvars
calls=1 2321 
* 11
+1 3
+1 2
cfn=(1260) coproc_close
calls=1 +24 
* 12
+7 1
-58 1
+1 1
+1 2
+56 1
-55 2
+55 1
-54 3
+54 1
cob=(3)
cfi=(3)
cfn=(480)
calls=1 0 
* 7
* 1
+1 3

fn=(1164)
4592 10
+19 1
-19 1
+19 3
-10 1
+30 1
+10 9
+1 1
+2 4
+7 2
+16 2
+49 2
+13 9
-16 2
-46 2
+12 2
+19 2
+6 1
+1 4
+1 4
cfi=(56) /home/fdse/zdh/download/bash-5.0/builtins/./echo.def
cfn=(1166) echo_builtin
calls=1 112 
* 5857
+4 1
-4 1
+4 2

fn=(1258)
2321 4
+4 3
+19 4

fn=(1090) execute_command
384 2
+5 1
-5 2
+4 1
+1 1
cfn=(1092) new_fd_bitmap
calls=1 -84 
* 393
+1 1
-1 1
+1 1
cfi=(44)
cfn=(1094)
calls=1 132 
* 230
+1 4
cfi=(44)
cfn=(1098)
calls=1 159 
* 310
+3 6
cfn=(1100) execute_command_internal
calls=1 570 
* 24217
+2 1
-2 1
+2 1
cfn=(1236)
calls=1 -71 
* 299
+1 2
cfi=(44)
cfn=(1226)
calls=1 140 
* 178
+5 6
+4 6
+2 5
-5 1
cfi=(27)
cfn=(1034)
calls=1 5630 
* 4
* 1

fn=(1092)
305 1
+3 1
-3 1
+3 2
-3 2
+3 1
cfi=(13)
cfn=(380)
calls=1 176 
* 153
+4 1
-4 1
+2 1
+2 1
+2 4
cfi=(13)
cfn=(380)
calls=1 176 
* 199
+1 1
-1 1
+1 3
cob=(3)
cfi=(3)
cfn=(362)
calls=1 0 
* 14
* 1
+5 5

fn=(1100)
570 6
-10 8
+12 5
+3 10
+1 1
cfi=(12)
cfn=(1042) run_pending_traps
calls=1 294 
* 18
+7 1
+5 1
-7 1
+2 3
+5 1
-5 2
+5 1
+8 5
+4 3
+4 3
+12 8
726 2
1142 8
753 3
+9 1
+5 4
cfi=(51)
cfn=(1102)
calls=1 213 
* 19
* 3
+24 1
+14 1
-13 1
+14 1
+3 1
-18 1
+14 1
+4 8
+6 2
+3 5
+2 6
+2 4
1088 2
+3 2
+3 2
+4 3
+11 3
+10 4
+15 2
+1 1
cfi=(12)
cfn=(1042)
calls=1 294 
* 18
+4 1
+2 2
1017 2
826 1
+7 1
-7 1
+7 1
cfi=(12)
cfn=(356)
calls=1 1342 
* 4
* 3
+2 3
+2 2
+3 1
+1 4
-1 2
+1 1
cfn=(1104)
calls=1 4152 
* 23983
* 1
+3 2
+4 1
cfi=(15)
cfn=(1234) dispose_used_env_vars
calls=1 4601 
* 3
+16 3
+31 3
+11 4
+1 2

fn=(1248)
2061 2
cfn=(1250)
calls=1 -25 
* 1123

fn=(1260)
2072 2
+1 3
+5 3
+5 2
+1 2

fn=(1232)
3953 2
+4 2
+1 1
-1 1
+1 2
cfi=(15)
cfn=(698) bind_variable
calls=1 3225 
* 822
+1 2
+1 1
+1 2

fn=(970)
351 3
+17 1
+4 1

fl=(58)
fn=(1216)
125 1
+3 1
cob=(1)
cfi=(1)
cfn=(233)
calls=1 0 
* 951
* 5
232 3

fl=(36)
fn=(1030)
1395 9
+2 1
-1 1
+1 2
+1 5
cob=(3)
cfi=(3)
cfn=(378)
calls=1 0 
* 14
* 1
* 4
cfi=(13)
cfn=(380)
calls=1 176 
* 215
* 3
cob=(3)
cfi=(3)
cfn=(390)
calls=1 0 
* 20
* 1
+6 1
+2 1
+1 1
-9 1
+10 6

fn=(1038) set_current_prompt_level
5631 10
+1 6

fn=(868)
1376 1
+2 1
-1 1
+1 2
+1 1
+1 1
+2 1
+1 1
+1 2

fn=(1048) read_token.constprop.9
3199 28
+13 12
3448 36
3225 24
+23 8
cfn=(1050) shell_getc
calls=4 2266 
* 6693
* 2
cfn=(1050)
calls=1 2266 
* 44
* 31
+11 6
+35 6
+4 4
3436 4
4924 4
+4 8
+5 4
-4 4
-2 2
+2 8
+7 14
+6 28
+4 14
+26 27
+2 5
+1 1
-1 1
+1 7
-1 1
+1 1
cfn=(1078) parse_matched_pair
calls=1 3507 
* 872
+1 1
+1 1
-2 1
+2 1
+2 5
+2 2
+1 1
-1 1
+1 3
cob=(3)
cfi=(3)
cfn=(390)
calls=1 0 
* 22
* 1
+1 1
+2 1
-2 1
+2 1
+2 1
-1 1
+1 3
+1 5
-4 1
+4 2
cfi=(13)
cfn=(746)
calls=1 222 
* 99
* 1
5230 10
+6 20
+1 15
cfn=(1050)
calls=5 2266 
* 220
4933 5
5237 5
4933 5
5243 2
+6 2
-6 2
+6 2
+12 10
3034 2
5261 2
3034 4
+21 6
+20 4
+19 3
+11 6
+13 4
+8 6
+8 4
+3 4
+5 6
4987 3
cob=(3)
cfi=(3)
cfn=(820)
calls=1 0 
* 23
* 1
* 3
5221 24
+3 4
+2 4
+1 4
-1 8
+1 4
-1 12
4996 12
+23 18
+28 48
5153 12
+18 22
+35 24
+7 24
2646 2
5153 12
+60 8
4974 7
cfi=(13)
cfn=(896)
calls=1 199 
* 227
* 3
3268 6
+14 3
+7 3
4925 6
cfi=(13)
cfn=(896)
calls=1 199 
* 282
* 2
5269 6
+5 6
+11 18
+4 1
cfi=(43)
cfn=(1072)
calls=1 76 
* 165
+1 3
-1 1
+1 2
cfi=(13)
cfn=(380)
calls=1 176 
* 215
+2 1
-2 1
+2 1
-1 1
+1 2
cob=(3)
cfi=(3)
cfn=(390)
calls=1 0 
* 20
* 1
+1 3
+2 3
+1 1
+1 6
+5 10
cfi=(9)
cfn=(1074) assignment
calls=2 417 
* 111
* 6
+12 8
+3 3
cfi=(21)
cfn=(1076)
calls=1 818 
* 208
+1 4
+1 1
+5 1
+3 2
-3 1
+3 2
+23 2
+1 2
-1 2
+1 2
+2 2
-2 4
+2 8
-66 9
cfn=(1070) reserved_word_acceptable
calls=1 +91 
* 15
* 219
cob=(3)
cfi=(3)
cfn=(630)
calls=3 0 
* 91
* 3
* 12
+2 1
cfi=(43)
cfn=(1072)
calls=1 76 
* 247
+1 3
-1 1
+1 2
cfi=(13)
cfn=(380)
calls=1 176 
* 124
+2 1
-2 1
+2 1
-1 1
+1 2
cob=(3)
cfi=(3)
cfn=(390)
calls=1 0 
* 21
* 1
* 1
+22 8
cfn=(1070)
calls=2 +64 
* 36
* 6
3278 7
-25 1
+1 2
5353 2
-33 4
3036 4
-2 4
2645 12
+1 10
3077 2
-2 2
5320 6
+1 2

fn=(1064) set_line_mbstate
6717 9
-6 18
+8 3
cob=(3)
cfi=(3)
cfn=(378)
calls=3 0 
* 42
* 3
+1 3
-1 3
+1 3
+2 6
+6 6
+13 2
-2 2
-2 4
-1 2
+6 4
+36 21
-24 50
+22 25
-39 25
+39 25
-39 25
+2 46
+3 69
+11 46
fi=(41) /usr/include/wchar.h
402 46
fe=(36)
6753 46
fi=(41)
402 23
cob=(3)
cfi=(3)
cfn=(938)
calls=23 0 
* 3864
* 23
fe=(36)
6753 4
fi=(41)
402 4
fe=(36)
6753 4
fi=(41)
402 2
cob=(3)
cfi=(3)
cfn=(938)
calls=2 0 
* 336
* 2
fe=(36)
6754 50
-1 75
-22 6
-1 2
+1 2
cfi=(13)
cfn=(896)
calls=2 199 
* 262
* 4

fn=(1070)
5378 29
+40 1
-5 2
-3 2
+10 2
-42 9
+38 6

fn=(1242) handle_eof_input_unit
6325 3
+32 2

fn=(1050)
2266 128
+5 96
+3 48
+6 48
+12 108
-19 14
2530 32
+1 30
+41 33
+9 30
-9 3
+36 3
+26 128
2311 12
+9 2
-6 2
+6 4
+14 12
-61 8
1420 2
cfi=(46)
cfn=(1058)
calls=2 569 
* 171
* 12
cfi=(46)
cfn=(1058)
calls=12 569 
* 324
* 14
2348 84
+2 28
+68 2
+1 2
+2 2
cfn=(1064)
calls=2 6717 
* 2540
+3 10
+59 4
2292 2
+6 1
+3 2
-28 2
+99 42
+21 26
+12 52
+1 39
+2 13
-2 13
+2 25
+7 60
-24 65
cfi=(13)
cfn=(896)
calls=1 199 
* 179
+2 1
-2 1
+2 1
+2 2
+3 2
+1 1
+2 3
-61 4
2557 3
2327 2
cfi=(19)
cfn=(1052)
calls=2 3162 
* 40
* 4
2491 6
+16 4
+2 3
+8 2
+3 1
+1 1
+2 1
cfn=(1064)
calls=1 6717 
* 2657
* 8
2410 1
1420 1
2411 2
2298 1
-25 2
2609 4
2509 6

fn=(1078)
3507 1
+7 2
-7 1
+7 1
-7 5
+13 1
-6 2
-7 5
+7 1
+6 1
+4 2
+2 4
cfi=(13)
cfn=(380)
calls=1 176 
* 136
* 1
+3 1
-3 1
+1 1
-10 1
+12 1
3755 3
-30 4
3531 10
+3 42
cfn=(1050)
calls=6 2266 
* 264
+2 6
-2 6
+2 6
+9 12
+5 12
+15 24
+3 12
3776 2
+1 3
+1 1
+2 1
+1 8
3588 12
+6 24
+7 12
+3 15
+2 20
+4 18
+1 6
+3 6
-3 6
+3 6
+3 10
+7 10
+10 10
+28 15
+5 15
+98 20
+3 10
+2 10
+3 20
3601 6
+1 2
3737 10
+9 20
3518 1
+6 2
+86 2

fl=(14)
fn=(468)
52 10
+3 2
-3 2
+3 2
+3 2
cfi=(15)
cfn=(470) find_tempenv_variable
calls=2 4456 
* 10
+1 2
-1 2
+1 2
+30 8
-33 2
+33 4
-23 4
+6 6
+9 4
cob=(3)
cfi=(3)
cfn=(378)
calls=2 -81 
* 28
* 2
* 14
+2 320
-2 240
+2 184
cob=(3)
cfi=(3)
cfn=(478)
calls=5 -83 
* 186
cob=(1)
cfi=(1)
cfn=(233)
calls=1 -83 
* 984
* 10
* 12

fl=(56)
fn=(1166)
112 8
+7 1
-3 1
+3 2
+3 9
+42 2
cob=(1)
cfi=(1)
cfn=(233)
calls=1 0 
* 989
* 5
* 3
+6 1
-2 2
+1 1
+1 1
+14 3
+1 2
+3 1
-1 1
+1 2
+5 2
+2 6
-29 2
+32 2
fi=(57) /usr/include/bits/stdio.h
81 3
cob=(1)
cfi=(1)
cfn=(233)
calls=1 -81 
* 1118
* 5
fe=(56)
201 2
cfi=(21)
cfn=(1202)
calls=1 340 
* 1921
+1 8
-32 1
+1 2
+8 4
cob=(1)
cfi=(1)
cfn=(233)
calls=1 0 
* 1737
* 5
+5 3
+1 2

fl=(12)
fn=(652)
786 3
+2 3
-2 9
+2 15
+2 12
-1 6
cfi=(22)
cfn=(634)
calls=3 -38 
* 642
* 12
cfi=(22)
cfn=(634)
calls=3 -38 
* 642
* 6

fn=(1062) check_signals
535 2
+1 6
+1 12
+1 4

fn=(1116)
1091 3
+8 1
-8 1
+9 4
+45 6

fn=(356)
1342 738
+1 246

fn=(632)
149 2
+2 1
-2 2
+1 4
+1 2
+4 1
+2 1
-1 1
+2 2
-5 2
+2 63
+2 63
-1 63
+2 126
-5 126
-9 1
+19 3
cfi=(22)
cfn=(634)
calls=1 751 
* 2176
* 4
cfi=(22)
cfn=(634)
calls=1 751 
* 209
* 3
+1 1
+3 2
-3 1
+3 1
cfi=(22)
cfn=(634)
calls=1 751 
* 214
* 4
cfi=(22)
cfn=(634)
calls=1 751 
* 214
* 3
+1 1
+8 2
-8 1
+8 1
cfi=(22)
cfn=(634)
calls=1 751 
* 214
* 4
cfi=(22)
cfn=(634)
calls=1 751 
* 214
* 3
+1 2
+2 3
+7 1
-1 1
cfi=(19)
cfn=(650)
calls=1 2185 
* 1366

fn=(1114)
1392 3
+1 1

fn=(1042)
294 28
+10 12
451 32

fl=(44)
fn=(1094)
132 3
-12 3
+12 3
-9 3
-2 3
+2 3
cfn=(1096) add_unwind_protect_internal
calls=3 228 
* 827
+2 3
+9 6

fn=(1158)
368 2
-16 2
+16 4
-17 2
+17 2
-16 2
+16 2
-16 2
+16 4
120 2
+1 2
352 2
cfi=(13)
cfn=(380)
calls=2 176 
* 480
* 2
+1 2
+4 4
-2 2
+1 2
-2 2
+3 2
-4 2
+4 2
cob=(3)
cfi=(3)
cfn=(916)
calls=2 0 
* 28
* 2
+1 2
125 2
370 12

fn=(1096)
228 25
+3 15
+1 5
+1 5
+1 5
+1 5
-3 5
+4 20
-5 20
cfi=(13)
cfn=(380)
calls=5 -55 
* 1241
* 5

fn=(1098)
159 2
-39 2
+1 2
+2 2
cfn=(1096)
calls=2 228 
* 524
+2 2
+36 4

fn=(962)
106 1
+1 4
cfi=(13)
cfn=(380)
calls=1 +69 
* 272
* 3
+1 2

fn=(1226)
140 15
+1 9
-21 6
+1 6
282 3
-1 6
+1 7
-1 8
+1 4
+7 208
-10 8
125 3
+18 18
282 18
cob=(3)
cfi=(3)
cfn=(630)
calls=3 0 
* 91
* 3
* 6
+2 156

fl=(15)
fn=(700) bind_variable_internal
3064 737
+4 134
+60 195
cfn=(706) make_new_variable
calls=65 2777 
* 60078
+1 65
-1 65
+1 195
cfn=(712) make_variable_value
calls=65 2906 
* 17852
* 130
+78 201
+3 201
+1 2
+3 536
3068 126
cfn=(702) hash_lookup
calls=63 1974 
* 7283
+2 63
-2 63
+2 71
+13 4
+9 6
+39 4
+17 4
+8 4
3016 2
3156 2
3016 2
3175 4
+4 8
cfn=(712)
calls=2 2906 
* 477
* 2
+3 12
cfi=(13)
cfn=(746)
calls=2 222 
* 253
* 2
+7 6
+5 2
+2 2
-2 2
+8 10
cfi=(13)
cfn=(746)
calls=2 222 
* 229
* 2
+1 4
-55 6

fn=(902) flatten.isra.4
4197 7
+11 1
-11 3
+11 6
+3 7
+2 9143
+4 150
cfn=(904) export_environment_candidate
calls=75 4320 
* 535
+1 150
-5 105
+4 75
-2 75
+2 150
+1 80
-89 3258
+1 3248
cob=(3)
cfi=(3)
cfn=(630)
calls=64 0 
* 1408
* 64
* 256
-1 128
+6 160
+3 200
+1 80
+74 159
-2 6144
+11 8
4116 2
+13 2

fn=(1230) set_pipestatus_array
6140 6
+7 1
-7 3
+7 1
cfn=(716)
calls=1 2400 
* 189
+1 2
+2 2
+2 1
+2 5
+2 7
+2 4
cfi=(29)
cfn=(784) inttostr
calls=1 38 
* 43
+1 5
cfi=(33)
cfn=(822)
calls=1 556 
* 409
-3 2
+42 8
-49 2
cfn=(808) make_new_array_variable
calls=1 2801 
* 1424
* 1

fn=(806) unbind_variable_noref
3798 1
-3 2
+3 1
cfn=(720) var_lookup
calls=1 1989 
* 167
+1 2
+3 3

fn=(682)
340 9
+5 1
cfn=(684) create_variable_tables
calls=1 -28 
* 13657
+2 7
-7 80
+11 3216
+2 120
-6 120
476 1
cfn=(714) set_pwd
calls=1 865 
* 3826
+3 3
cfn=(752) set_if_not
calls=1 2576 
* 201
+3 1
cob=(1)
cfi=(1)
cfn=(233)
calls=1 0 
* 909
* 5
+4 2
-4 1
+4 1
cfn=(752)
calls=1 2576 
* 195
+1 3
cfn=(752)
calls=1 2576 
* 195
+18 3
+12 3
+6 4
cfn=(698)
calls=1 3225 
* 1147
+1 2
cfi=(27)
cfn=(760)
calls=1 10718 
* 91
679 3
cfn=(752)
calls=1 2576 
* 1496
+1 3
cfn=(752)
calls=1 2576 
* 1325
+1 3
cfn=(752)
calls=1 2576 
* 1498
+2 3
cfn=(752)
calls=1 2576 
* 228
533 3
853 2
cfn=(762) adjust_shell_level
calls=1 -46 
* 2079
542 1
cfn=(776) set_ppid
calls=1 928 
* 2434
+3 4
cfn=(698)
calls=1 3225 
* 1276
+1 1
+1 2
cfi=(31)
cfn=(788)
calls=1 99 
* 3
+1 4
cfn=(698)
calls=1 3225 
* 1258
+3 1
-2 1
+2 1
742 4
+2 2
557 4
cfn=(698)
calls=1 3225 
* 1277
+1 4
cfi=(13)
cfn=(746)
calls=1 222 
* 99
719 2
cfn=(716)
calls=1 2400 
* 187
+1 2
567 1
cfi=(32)
cfn=(790)
calls=1 64 
* 2605
* 4
cfn=(698)
calls=1 3225 
* 1448
973 2
cfn=(806)
calls=1 3798 
* 176
+2 2
cfn=(808)
calls=1 2801 
* 1401
+2 2
-2 1
+1 1
+1 1
cob=(3)
cfi=(3)
cfn=(390)
calls=1 0 
* 29
* 1
+1 3
cob=(1)
cfi=(1)
cfn=(233)
calls=1 0 
* 922
* 5
+1 2
+1 2
+1 4
cfi=(33)
cfn=(822)
calls=1 556 
* 412
+1 4
cfi=(33)
cfn=(822)
calls=1 556 
* 417
+1 4
cfi=(29)
cfn=(784)
calls=1 38 
* 43
+1 4
cfi=(33)
cfn=(822)
calls=1 556 
* 412
+1 4
cfi=(29)
cfn=(784)
calls=1 38 
* 43
+1 4
cfi=(33)
cfn=(822)
calls=1 556 
* 412
+1 4
cfi=(33)
cfn=(822)
calls=1 556 
* 512
+1 4
cfi=(33)
cfn=(822)
calls=1 556 
* 482
572 1
990 1
572 2
+5 2
cfn=(716)
calls=1 2400 
* 227
+1 2
+9 3
+10 1
cfn=(824) seedrand
calls=1 1370 
* 1047
+4 3
946 4
cfi=(29)
cfn=(784)
calls=1 38 
* 104
+1 1
-1 1
+1 1
cfn=(716)
calls=1 2400 
* 143
+1 2
+6 3
+3 2
cfn=(716)
calls=1 2400 
* 150
+1 2
655 2
cfn=(716)
calls=1 2400 
* 213
+1 2
+3 2
cfn=(832) sv_shcompat
calls=1 6286 
* 223
+3 2
cfn=(836) sv_funcnest
calls=1 5793 
* 185
1304 2
cfn=(716)
calls=1 2400 
* 171
+6 1
-5 1
-1 1
+1 1
+5 3
cfn=(698)
calls=1 3225 
* 1156
1910 3
1310 2
1910 1
cfn=(698)
calls=1 3225 
* 1176
+2 3
-2 2
+2 1
cfn=(698)
calls=1 3225 
* 1214
+1 3
-1 2
+1 1
cfn=(698)
calls=1 3225 
* 1230
+2 3
-2 2
+2 1
cfn=(698)
calls=1 3225 
* 1094
+1 1
+1 3
-2 2
+2 1
cfn=(698)
calls=1 3225 
* 1088
+1 1
+2 3
-3 2
+3 1
cfn=(698)
calls=1 3225 
* 1116
+1 1
+2 3
-3 2
+3 1
cfn=(698)
calls=1 3225 
* 1260
+1 1
+1 3
-2 2
+2 1
cfn=(698)
calls=1 3225 
* 1230
+1 1
+3 3
-4 2
+4 1
cfn=(698)
calls=1 3225 
* 1110
+1 1
+4 3
-5 2
+5 1
cfn=(698)
calls=1 3225 
* 1262
+4 4
-4 2
+4 1
cfn=(838) init_dynamic_array_var
calls=1 1233 
* 1522
+4 5
cfn=(838)
calls=1 1233 
* 1468
+3 5
cfn=(838)
calls=1 1233 
* 1524
+1 5
cfn=(838)
calls=1 1233 
* 1524
+2 5
cfn=(838)
calls=1 1233 
* 1604
+1 5
cfn=(838)
calls=1 1233 
* 2180
1254 2
cfn=(716)
calls=1 2400 
* 185
+1 2
1891 2
cfn=(716)
calls=1 2400 
* 178
+1 2
354 80
+4 120
+13 40
-9 80
+9 40
-9 40
+10 40
-1 280
+69 80
-4 40
+11 80
cfi=(9)
cfn=(690) legal_identifier
calls=40 274 
* 4508
* 80
+2 160
cfn=(698)
calls=40 3225 
* 58754
+1 40
-1 40
+1 40
+3 40
-1 40
+1 40
+11 40
+3 40
+3 80
+2 80
cob=(3)
cfi=(3)
cfn=(378)
calls=40 0 
* 1584
* 40
* 160
cfi=(13)
cfn=(380)
calls=40 176 
* 7884
* 120
cob=(3)
cfi=(3)
cfn=(390)
calls=40 0 
* 2193
* 40
* 80
-32 53
+12 120
+68 3
cfn=(752)
calls=1 2576 
* 1151
* 1
744 2
+6 2
cfn=(764)
calls=1 2515 
* 189
+1 1
-1 1
+1 1
+2 2
cob=(3)
cfi=(3)
cfn=(378)
calls=1 0 
* 31
* 1
+1 3
cob=(3)
cfi=(3)
cfn=(378)
calls=1 0 
* 19
* 1
* 4
cfi=(13)
cfn=(380)
calls=1 176 
* 130
+1 2
-1 1
+1 1
cob=(3)
cfi=(3)
cfn=(390)
calls=1 0 
* 41
* 1
+1 4
cob=(3)
cfi=(3)
cfn=(390)
calls=1 0 
* 25
* 1
* 1
1895 2
cfn=(808)
calls=1 2801 
* 1314
* 2
+4 1
666 8
960 4
cfn=(698)
calls=1 3225 
* 1867
+1 2
1257 2
cfn=(840) make_new_assoc_variable
calls=1 2854 
* 2367
+2 1
-2 1
-3 1
+3 1
-3 1
cfn=(716)
calls=1 2400 
* 206
+1 2
+2 2
cfn=(840)
calls=1 2854 
* 2069
* 2
+2 2
579 2
cfn=(716)
calls=1 2400 
* 220
+1 2
950 4
cfn=(698)
calls=1 3225 
* 1201
+1 2

fn=(712)
2906 603
+13 335
+35 134
+27 246
+3 112
+11 112
+4 12
cfi=(13)
cfn=(380)
calls=3 176 
* 327
* 3
+1 3
+7 112
-11 106
cob=(3)
cfi=(3)
cfn=(378)
calls=53 0 
* 1707
* 53
* 212
cfi=(13)
cfn=(380)
calls=53 176 
* 11168
* 159
cob=(3)
cfi=(3)
cfn=(390)
calls=53 0 
* 2373
* 53
+11 53
-11 53
+11 371
-3 22

fn=(764)
2515 22
+3 22
cfn=(716)
calls=22 2400 
* 4083
+1 47
+1 3
-1 3
cfn=(766) get_variable_value
calls=3 -24 
* 27
+1 57

fn=(836)
5793 1
+4 1
cfn=(716)
calls=1 2400 
* 178
+1 2
+1 1
+5 2

fn=(702)
1974 127
+3 127
-3 127
+3 127
cfi=(24) /home/fdse/zdh/download/bash-5.0/hashlib.c
cfn=(704) hash_search
calls=127 179 
* 13735
+3 254
+1 16
+1 16
+1 32
-1 111
+1 222

fn=(952) makunbound
3906 14
+6 10
+1 8
cfi=(24)
cfn=(954) hash_remove
calls=2 225 
* 129
* 6
+63 2
-59 2
+59 10

fn=(470)
4456 6
+1 4

fn=(686) new_var_context
5067 1
+3 1
-3 1
+3 1
-3 2
+3 1
-3 1
+3 1
cfi=(13)
cfn=(380)
calls=1 176 
* 130
* 1
+1 4
+1 1
+1 1
+2 2
+1 1
-4 1
+7 5

fn=(706)
2777 380
+4 76
cfn=(708) new_shell_variable
calls=76 -32 
* 30001
+3 76
-3 76
+3 76
+3 152
cob=(3)
cfi=(3)
cfn=(378)
calls=76 0 
* 1324
* 76
* 304
cfi=(13)
cfn=(380)
calls=76 176 
* 11053
* 228
cob=(3)
cfi=(3)
cfn=(390)
calls=76 0 
* 1909
* 76
* 304
cfi=(24)
cfn=(710) hash_insert
calls=76 259 
* 23994
+1 76
+3 380

fn=(716)
2400 60
+6 60
-1 60
-1 60
+2 180
+1 60
-1 120
+2 60
cfn=(718) find_variable_internal
calls=60 2012 
* 9994
+1 148
+3 120
-6 300

fn=(718)
2012 300
+14 474
+2 3
+25 42
+1 3
-1 3
+1 6
-1 3
cfn=(966) get_self
calls=2 1220 
* 4
cfn=(964) get_funcname
calls=1 1857 
* 2
-20 120
+21 228
-20 180
cfn=(720)
calls=60 -45 
* 8414
+16 120
+1 92

fn=(766)
2495 6
+3 9
+2 6
+4 6

fn=(900) vlist_alloc
4094 1
+3 1
-3 1
+3 2
-3 2
+3 1
cfi=(13)
cfn=(380)
calls=1 176 
* 235
+1 1
-1 1
+1 5
cfi=(13)
cfn=(380)
calls=1 176 
* 217
+1 1
-1 1
+2 1
+1 1
+3 5

fn=(904)
4320 460
+1 75

fn=(684)
317 1
-1 1
+1 1
+7 2
+4 2
+1 2
cfi=(24)
cfn=(688) hash_create
calls=1 48 
* 3489
+2 1
-2 1
+2 1
-12 3
cfn=(686)
calls=1 5067 
* 155
+2 1
-2 1
+1 1
-1 2
+2 1
cfi=(24)
cfn=(688)
calls=1 48 
* 6497
* 2
+4 2
cfi=(24)
cfn=(688)
calls=1 48 
* 3489
* 2

fn=(824)
1370 1
+4 1
-4 1
+4 2
cob=(1)
cfi=(1)
cfn=(233)
calls=1 0 
* 1016
* 5
+5 3
cob=(3)
cfi=(3)
cfn=(758)
calls=1 0 
* 10
* 1
* 1
-14 1
+14 1
-15 1
+17 3

fn=(840)
2854 2
-4 2
+4 4
cfn=(706)
calls=2 -77 
* 1943
+1 2
-1 2
+1 2
cfi=(24)
cfn=(688)
calls=2 48 
* 2469
+3 2
-1 2
+3 6

fn=(898) map_over
4149 1
+6 1
-6 3
+6 5
+1 1
-1 1
+1 1
-1 2
+1 3
+2 2
+3 1
cfn=(900)
calls=1 -67 
* 476
* 2
+3 4
cfn=(902)
calls=1 +33 
* 25604
-1 3
+3 1
+1 4
cfi=(13)
cfn=(746)
calls=1 222 
* 123
+1 1
+1 4

fn=(964)
1857 1
+11 1

fn=(698)
3225 504
+4 63
-4 126
+4 63
+8 189
+4 252
+2 126
-2 189
+60 441
+1 441
-5 63
cfn=(700)
calls=63 3064 
* 84323

fn=(776)
928 2
+4 1
cob=(1)
cfi=(1)
cfn=(233)
calls=1 0 
* 909
* 5
* 4
cfi=(29)
cfn=(784)
calls=1 38 
* 104
+1 1
-1 1
+1 1
cfn=(716)
calls=1 2400 
* 150
+1 2
+2 4
cfn=(698)
calls=1 3225 
* 1246
+1 1
+1 3

fn=(832)
6286 4
+5 1
cfn=(716)
calls=1 2400 
* 199
+1 2
+41 3
-10 1
+1 1
cfi=(17)
cfn=(834) set_compatibility_opts
calls=1 674 
* 12

fn=(906) make_env_array_from_var_list
4728 8
+5 1
cfi=(23)
cfn=(908) strvec_len
calls=1 74 
* 166
* 2
cfi=(23)
cfn=(678) strvec_create
calls=1 40 
* 270
+4 1
-4 1
+4 5
+8 120
+8 2
+9 2
+8 1
+2 42
-35 122
+57 2
+2 8
-45 120
+25 273
cob=(3)
cfi=(3)
cfn=(378)
calls=39 0 
* 1525
* 39
* 156
cfi=(13)
cfn=(380)
calls=39 176 
* 6996
+1 117
cob=(3)
cfi=(3)
cfn=(390)
calls=39 0 
* 2044
* 39
* 78
-1 78
+3 78
-3 2
+3 2
+1 5
cob=(3)
cfi=(3)
cfn=(378)
calls=1 0 
* 14
* 1
* 4
cfi=(13)
cfn=(380)
calls=1 176 
* 133
* 3
cob=(3)
cfi=(3)
cfn=(390)
calls=1 0 
* 20
* 1
* 1
+2 80
-6 4
+1 1
-1 1
+1 3
4645 1
4777 1
4645 1
cob=(3)
cfi=(3)
cfn=(378)
calls=1 0 
* 14
* 1
+1 2
-1 1
+1 4
+4 2
+24 2
-11 5
cfi=(13)
cfn=(380)
calls=1 176 
* 215
* 1
+1 2
+1 1
-1 2
cob=(1)
cfi=(1)
cfn=(233)
calls=1 0 
* 931
* 5
+4 1
+1 3
+10 4
cob=(3)
cfi=(3)
cfn=(916)
calls=1 0 
* 12
* 1
* 1

fn=(918) add_temp_array_to_env.constprop.23
4888 1
+6 1
-6 3
+6 1
+3 45
+5 40
-5 80
+5 200
-5 119
+5 160
+4 2
-1 3
+1 1
-1 1
cfi=(13)
cfn=(746)
calls=1 222 
* 134

fn=(920) map_over_funcs
4178 3
-4 4
+4 3
+10 4
-9 2

fn=(1234)
4601 2
+5 1

fn=(714)
865 1
+4 1
-4 2
+4 1
cfn=(716)
calls=1 2400 
* 180
+1 3
+2 2
cfn=(716)
calls=1 2400 
* 173
+2 4
+1 1
-1 2
+1 2
+38 2
cfn=(716)
calls=1 2400 
* 194
+2 6
cfi=(9)
cfn=(750)
calls=1 724 
* 27
* 2
+8 4
-46 5
cfi=(9)
cfn=(722) same_file
calls=1 586 
* 979
-1 2
+3 3
cfi=(26)
cfn=(732)
calls=1 107 
* 1897
+1 1
-1 1
+1 1
+3 2
cfi=(21)
cfn=(744)
calls=1 593 
* 221
+1 3
+5 4
cfi=(13)
cfn=(746)
calls=1 222 
* 99
* 1

fn=(752)
2576 40
+3 16
+3 16
cfn=(716)
calls=8 2400 
* 1422
+1 16
+3 16
-2 24
+2 12
-2 4
cfn=(700)
calls=4 3064 
* 4723

fn=(762)
807 2
+5 1
-5 1
+5 1
cfn=(764)
calls=1 2515 
* 203
+1 4
+3 1
+1 1
-1 1
+1 1
+2 2
+7 2
+20 4
cfn=(698)
calls=1 3225 
* 622
+1 2
+1 3
-20 1
+1 2
-16 3
cfi=(9)
cfn=(768) legal_number
calls=1 234 
* 1216
* 4
+9 2

fn=(808)
2801 9
-4 9
+4 18
cfn=(706)
calls=9 -24 
* 8540
* 9
+1 9
cfi=(33)
cfn=(810)
calls=9 82 
* 4054
+3 9
-1 9
+3 27

fn=(838)
1233 54
+3 6
cfn=(716)
calls=6 2400 
* 1114
+1 12
+6 36
-4 12
cfn=(808)
calls=6 2801 
* 8554
+1 6
-1 12
+1 6
+1 10

fn=(890) maybe_make_export_env
4958 4
cfn=(892) maybe_make_export_env.part.20
calls=1 -6 
* 41541

fn=(892)
4952 1
+8 1
-8 4
+8 3
-30 4
+1 1
-1 1
+1 1
-1 2
+1 3
+36 5
+1 3
-1 1
+2 2
+6 1
+6 1
-6 1
+13 1
-7 1
+9 3
4811 3
cfn=(898)
calls=1 4149 
* 26243
+3 1
-3 1
+3 1
+3 2
cfn=(906)
calls=1 -89 
* 13784
+2 1
-2 1
+2 3
cfi=(13)
cfn=(746)
calls=1 222 
* 162
5000 2
+1 2
cfn=(918)
calls=1 4888 
* 791
+2 2
+3 2
+5 3
+7 1
+2 6
-48 1
-1 1
+1 1
cfi=(23)
cfn=(894) strvec_resize
calls=1 56 
* 455
* 1
+1 2
4829 2
cfn=(920)
calls=1 4178 
* 16
+1 1
-1 1
+1 1
4968 2
-1 1
+1 5

fn=(950)
3771 2
-4 4
+4 2
cfn=(720)
calls=2 1989 
* 198
+1 4
+2 4
+2 2
-2 2
cfn=(952)
calls=2 3906 
* 181

fn=(966)
1220 2
+2 2

fn=(1228)
6241 1
+1 3
cfn=(1230)
calls=1 6140 
* 2115

fn=(708)
2749 76
+3 76
-3 76
+3 152
-3 152
+3 76
cfi=(13)
cfn=(380)
calls=76 176 
* 11591
+2 76
-2 76
+2 76
cob=(3)
cfi=(3)
cfn=(378)
calls=76 0 
* 1324
* 76
* 304
cfi=(13)
cfn=(380)
calls=76 176 
* 12745
* 228
cob=(3)
cfi=(3)
cfn=(390)
calls=76 0 
* 1909
* 76
+1 76
-1 76
+15 76
-13 76
+2 76
+1 76
+2 76
+5 76
+3 304

fn=(720)
1989 315
+5 273
+1 189
cfn=(702)
calls=63 -21 
* 7575
* 126
+4 105
-6 49
+6 147

fn=(1154)
2473 2
cfn=(702)
calls=1 1974 
* 36

fl=(18)
fn=(502)
284 3
+1 1
-1 1
+1 2
+3 1
-2 1
+2 2

fl=(8)
fn=(1106)
958 2
+1 3
cfn=(1108) command_print_word_list
calls=1 565 
* 700
+2 2
+5 2

fn=(268)
393 3
cfn=(270) xtrace_set
calls=1 -21 
* 15

fn=(1108)
565 1
356 1
565 2
357 1
565 2
356 2
+1 8
cfn=(1110) cprintf
calls=1 1478 
* 467
* 8
cfn=(1110)
calls=1 1478 
* 198
-1 6
567 4

fn=(1112) the_printed_command_resize
1563 5
+1 15
+6 12
+11 10
-15 1
+1 2
-1 2
+1 2
cfi=(13)
cfn=(380)
calls=1 176 
* 218
+1 1
-1 2

fn=(1110)
1478 14
+6 2
-6 8
+6 4
-6 2
+6 4
+2 2
cob=(3)
cfi=(3)
cfn=(378)
calls=2 0 
* 28
* 2
+1 4
cfn=(1112)
calls=2 +76 
* 243
+4 2
-2 2
+2 11
+4 4
-2 4
+2 4
+52 3
cfn=(1112)
calls=3 +16 
* 27
+1 15
cob=(3)
cfi=(3)
cfn=(916)
calls=3 0 
* 44
* 3
+1 3
-58 19
+64 3
+1 7
-1 3
+1 7
-61 12
+8 4
+1 28
+9 32
+1 8
cob=(3)
cfi=(3)
cfn=(378)
calls=4 0 
* 61
* 4
* 12
+1 4
+30 26

fn=(270)
372 1
+1 1
-1 4
+1 1
+13 1
+1 1
+1 4
-10 2

fl=(47)
fn=(1036) read_command
316 2
+5 2
-5 8
+5 2
cfi=(36)
cfn=(1038)
calls=2 5631 
* 16
+8 2
-7 2
+7 4
-2 2
-1 2
-1 2
+19 12
+2 2
+1 2
cfn=(1040) parse_command
calls=2 -65 
* 12935
* 2
+2 6
+7 14

fn=(1032)
62 2
+8 1
+2 1
-4 1
+2 1
+2 1
-2 2
+2 1
178 3
+2 3
+2 2
cfi=(54)
cfn=(1238)
calls=1 38 
* 687
+1 1
+10 9
75 6
+4 6
cob=(3)
cfi=(3)
cfn=(258)
calls=2 -79 
* 56
* 2
* 2
+3 2
cfi=(27)
cfn=(1034)
calls=2 5630 
* 8
+5 6
+3 4
+45 2
-1 2
+1 2
+8 2
cfn=(1036)
calls=2 316 
* 13017
* 4
+2 12
+6 8
+6 1
-4 1
+4 2
+18 1
-5 1
+2 1
+1 1
+2 1
cfi=(45)
cfn=(1090)
calls=1 384 
* 25675
+3 3
+19 1
-1 1
+2 3

fn=(1040)
282 4
+3 2
+1 2
cfi=(12)
cfn=(1042)
calls=2 +8 
* 36
+8 6
+8 2
+1 2
cfi=(48) /home/fdse/zdh/download/bash-5.0/y.tab.c
cfn=(1044) yyparse
calls=2 1687 
* 12869
+2 6
+4 6

fl=(48)
fn=(1044)
1687 6
+51 2
-51 6
+47 2
-47 2
+53 2
+1 2
-9 2
+1 2
+6 2
-6 2
-1 4
+23 2
-2 2
+2 20
-2 14
+2 42
+63 32
+14 48
+1 40
+6 16
+6 16
+7 32
+6 8
+1 48
+34 24
+1 24
+10 12
+10 12
-10 12
+10 36
+4 12
-4 48
+4 24
3626 6
+8 18
1861 4
+1 8
+21 8
-10 4
+6 4
-6 4
+10 16
1750 28
fi=(36)
2737 16
+18 12
+1 4
+1 4
-1 4
+2 4
cfn=(1048)
calls=4 3199 
* 10915
+2 4
-2 8
+2 12
+6 4
fe=(48)
1842 4
fi=(36)
2766 8
fe=(48)
3423 20
+4 40
+6 10
+2 60
+1 38
+3 16
-2 4
2468 2
fi=(36)
722 14
fe=(48)
2462 2
fi=(36)
437 2
fe=(48)
3586 1
fi=(36)
438 1
cfn=(1242)
calls=1 6325 
* 5
+1 1
-54 1
fe=(48)
3586 2
fi=(36)
386 1
-1 1
+3 3
747 4
cfi=(43)
cfn=(1080)
calls=1 525 
* 271
* 6
fe=(48)
2507 1
fi=(36)
745 4
cfi=(43)
cfn=(1080)
calls=1 525 
* 597
* 6
fe=(48)
2501 1
fi=(36)
751 2
cfi=(43)
cfn=(1086)
calls=1 +86 
* 45
* 6
fe=(48)
2513 1
fi=(36)
858 1
1310 6
fe=(48)
3386 1
fi=(36)
1168 1
-1 1
+1 2
+2 9
-70 1
1224 6
fe=(48)
3272 1
-23 1
fi=(36)
1228 6
fe=(48)
3278 1
fi=(36)
1172 7
fe=(48)

fl=(9)
fn=(482)
823 4
+8 4
-8 4
+8 4
+3 12
cob=(3)
cfi=(3)
cfn=(490)
calls=3 0 
* 84
cob=(1)
cfi=(1)
cfn=(233)
calls=1 0 
* 959
* 8
+1 12
+1 12

fn=(676)
1073 1
-5 1
+5 4
-9 1
+11 2
cfi=(23)
cfn=(678)
calls=1 40 
* 184
+5 1
-4 1
+1 1
+1 1
-3 1
+5 1
cfi=(23)
cfn=(678)
calls=1 40 
* 158
+1 1
-1 1
+6 1
-4 1
+2 2
+2 1
cfi=(23)
cfn=(678)
calls=1 40 
* 184
+7 1
-6 1
+1 1
+1 1
-3 1
+5 1
+2 1
cfi=(23)
cfn=(678)
calls=1 40 
* 158
* 1
+1 1
+1 1
+2 2

fn=(750)
724 4
fi=(25)
456 6
cob=(3)
cfi=(3)
cfn=(730)
calls=2 0 
* 20
* 2
fe=(9)
727 16
+1 6

fn=(690)
274 40
+4 40
-4 120
+4 80
+1 40
-1 120
cob=(3)
cfi=(3)
cfn=(696)
calls=39 0 
* 117
cob=(1)
cfi=(1)
cfn=(233)
calls=1 0 
* 1005
* 44
* 160
+3 1469
+2 1031
-5 2
+8 40
+1 200

fn=(722)
586 5
+3 2
+7 2
+7 7
+1 2
-1 1
+1 2
fi=(25)
456 4
fe=(9)
593 1
fi=(25)
456 1
cob=(1)
cfi=(1)
cfn=(233)
calls=1 0 
* 925
* 5
fe=(9)
591 3
fi=(25)
456 4
cob=(3)
cfi=(3)
cfn=(730)
calls=1 0 
* 10
* 1
fe=(9)
598 2
+2 2

fn=(768)
234 6
+4 2
+1 1
+2 2
+3 1
cob=(3)
cfi=(3)
cfn=(740)
calls=1 0 
* 3
* 1
fi=(28) /usr/include/inttypes.h
+84 1
fe=(9)
-84 1
fi=(28)
+84 2
fe=(9)
-84 1
fi=(28)
+84 2
cob=(1)
cfi=(1)
cfn=(233)
calls=1 0 
* 1163
* 5
fe=(9)
-82 6
+4 3
+5 4
+2 2
+1 1
+8 1
-4 1
+4 4
-16 3

fn=(998)
616 7
+3 2
+11 5
+1 5
cob=(1)
cfi=(1)
cfn=(233)
calls=1 0 
* 917
* 5
* 2
+3 8
cob=(1)
cfi=(1)
cfn=(233)
calls=1 0 
* 866
* 5
* 3
+2 2
+1 2
cob=(3)
cfi=(3)
cfn=(286)
calls=1 0 
* 7
* 1
+7 1
-7 1
+7 5
-23 1
cob=(1)
cfi=(1)
cfn=(233)
calls=1 0 
* 1019
* 5
+1 4
+2 3
+12 2
cob=(3)
cfi=(3)
cfn=(854)
calls=1 0 
* 6
* 1
* 2

fn=(996)
659 2
+2 1
+1 2
+2 6
-3 12
+1 35
+2 22
-5 24
+9 2

fn=(272)
562 1
+4 4
cob=(1)
cfi=(1)
cfn=(233)
calls=1 0 
* 868
* 5
+2 2
+8 1
+1 1
-1 1
cob=(1)
cfi=(1)
cfn=(233)
calls=1 0 
* 980
* 5

fn=(1018)
499 1
+3 3
-3 1
+3 1
cob=(3)
cfi=(3)
cfn=(1010)
calls=1 0 
* 20
* 1
* 3
+15 2
+7 3

fn=(1074)
417 10
+4 2
+3 2
cob=(3)
cfi=(3)
cfn=(696)
calls=2 0 
* 6
* 2
* 12
+4 2
+35 8
-33 2
+4 2
+4 6
+19 12
-27 4
+30 4
-30 8
+4 6
+4 9
-8 6
+22 8

fl=(24)
fn=(710)
259 532
+5 152
+4 152
150 1045
+2 665
+1 665
-3 665
+3 665
-3 1330
272 76
+2 228
-2 76
+2 76
cfi=(13)
cfn=(380)
calls=76 -98 
* 16299
+1 76
-3 76
+3 304
+1 76
+2 76
+1 76
+1 76
+1 76
+2 76
+4 456

fn=(954)
225 16
+5 12
-80 16
+2 2
+1 2
-3 2
+3 2
-3 8
+2 4
+1 4
-3 4
+3 4
-3 8
+83 2
+2 2
-2 4
+2 12
-1 2
+1 3
+2 2
-6 2
+19 16

fn=(688)
48 5
+4 5
-4 5
+4 10
-4 10
+4 5
cfi=(13)
cfn=(380)
calls=5 176 
* 847
+1 5
-1 5
+1 5
+4 15
cfi=(13)
cfn=(380)
calls=3 176 
* 2692
+4 3
-5 3
+2 3
+1 3
+2 6
-13 2309
+14 4598
-1 4598
+1 10
-1 10
+4 25
-8 8
cfi=(13)
cfn=(380)
calls=2 176 
* 747
-3 2
+2 2
+2 2
+1 6

fn=(704)
179 1016
+5 762
-34 1000
+2 125
+1 125
-3 125
+3 125
-3 1153
+2 903
+1 903
-3 903
+3 903
-3 1806
+37 250
+2 125
-2 125
+2 868
+3 120
cob=(3)
cfi=(3)
cfn=(630)
calls=16 0 
* 465
* 16
* 32
+2 16
+1 32
+4 109
-14 109
+14 218
+16 1016
-31 381
+1 4

fl=(17)
fn=(880)
874 2
-4 1
+6 2
cfi=(15)
cfn=(716)
calls=1 2400 
* 178
+2 2
+13 1
-1 1
cfn=(882) set_bashopts
calls=1 790 
* 4051

fn=(882)
790 1
+6 1
-6 2
+6 1
-6 6
+9 1
-1 1
+1 55
-1 52
+1 156
+2 11
cob=(3)
cfi=(3)
cfn=(378)
calls=11 0 
* 181
* 11
* 11
+1 11
-6 265
+10 5
+2 1
-2 1
+2 1
-2 1
cfi=(13)
cfn=(380)
calls=1 176 
* 474
* 2
+2 265
+2 106
+2 44
cob=(3)
cfi=(3)
cfn=(390)
calls=11 0 
* 261
* 11
+1 22
cob=(3)
cfi=(3)
cfn=(378)
calls=11 0 
* 181
* 11
* 11
+1 45
+4 2
+1 2
+1 1
+2 2
cfi=(15)
cfn=(716)
calls=1 2400 
* 178
+4 2
+18 1
-1 2
+1 5
-1 2
cfi=(13)
cfn=(746)
calls=1 222 
* 113
-9 4
cfi=(15)
cfn=(698)
calls=1 3225 
* 1521
+5 4
+1 4

fn=(498)
730 5
+2 2

fn=(834)
674 1
-3 2
+1 3
+2 1
-2 1
+1 1
+1 2
+17 1

fl=(10)
fn=(410) locale_isutf8.isra.0
570 3
+6 6
cob=(3)
cfi=(3)
cfn=(416)
calls=2 0 
* 40
cob=(1)
cfi=(1)
cfn=(233)
calls=1 0 
* 987
* 7
+1 3
-1 3
+1 36
+22 3
-22 3
+22 3

fn=(290)
78 1
+2 3
cob=(1)
cfi=(1)
cfn=(233)
calls=1 -80 
* 34465
* 5
+1 1
-1 2
+1 1
+1 2
cob=(1)
cfi=(1)
cfn=(233)
calls=1 -82 
* 915
* 5
* 4
cfi=(13)
cfn=(380)
calls=1 +94 
* 188
* 3
cob=(1)
cfi=(1)
cfn=(233)
calls=1 -82 
* 938
* 5
* 1
+2 3
cob=(1)
cfi=(1)
cfn=(233)
calls=1 -84 
* 1645
* 5
+1 2
cob=(1)
cfi=(1)
cfn=(233)
calls=1 -85 
* 1251
* 5
+2 1
cob=(1)
cfi=(1)
cfn=(233)
calls=1 -87 
* 1136
* 5
* 1
+1 1
cfn=(410)
calls=1 570 
* 1012
+1 2
-1 1
+1 1
cob=(1)
cfi=(1)
cfn=(233)
calls=1 -89 
* 3531
* 5
+1 1
-1 1
+1 1

fn=(946) set_lang
287 1
-1 2
+1 2
+1 2
+1 2
cob=(3)
cfi=(3)
cfn=(378)
calls=1 0 
* 14
* 1
* 4
cfi=(13)
cfn=(380)
calls=1 176 
* 145
* 3
cob=(3)
cfi=(3)
cfn=(390)
calls=1 0 
* 31
* 1
* 1
+7 5
+1 1
-1 1
cfn=(888) reset_locale_vars
calls=1 +49 
* 61201

fn=(924) locale_setblanks
552 9
-3 6
+3 3
-3 6
cob=(3)
cfi=(3)
cfn=(696)
calls=3 0 
* 9
* 3
* 6
+6 12
-3 90
+2 3072
+2 1524
+6 738
-10 738
+10 738
-10 1476
+12 12
-8 2277
cfi=(38)
cfn=(926)
calls=759 49 
* 167491
* 1518
+3 144

fn=(888)
345 2
-3 2
+3 6
+2 4
cob=(3)
cfi=(3)
cfn=(296)
calls=2 0 
* 16384
* 2
+1 2
-1 4
+5 4
cfn=(922) get_locale_var
calls=2 -33 
* 402
* 6
cob=(3)
cfi=(3)
cfn=(296)
calls=2 0 
* 3143
* 2
+3 2
-3 2
+3 2
cfn=(922)
calls=2 -36 
* 430
* 6
cob=(3)
cfi=(3)
cfn=(296)
calls=2 0 
* 3097
* 2
+3 4
cfn=(922)
calls=2 -39 
* 444
* 6
cob=(3)
cfi=(3)
cfn=(296)
calls=2 0 
* 3097
* 2
+3 4
cfn=(922)
calls=2 -42 
* 430
* 6
cob=(3)
cfi=(3)
cfn=(296)
calls=2 0 
* 3097
* 2
+3 4
cfn=(922)
calls=2 -45 
* 388
* 6
cob=(3)
cfi=(3)
cfn=(296)
calls=2 0 
* 3097
* 2
+3 2
cfn=(924)
calls=2 552 
* 120218
+1 2
cob=(3)
cfi=(3)
cfn=(408)
calls=2 0 
* 10
* 2
+1 2
-1 2
+1 2
+1 2
cfn=(410)
calls=2 570 
* 82
* 2
+1 6
cob=(3)
cfi=(3)
cfn=(424)
calls=2 0 
* 28
* 2
* 2
+1 2
cfi=(42)
cfn=(944)
calls=2 98 
* 16
+2 2
+1 6
-29 1
cfi=(15)
cfn=(890)
calls=1 4958 
* 41545
+1 5

fn=(922)
319 10
+3 10
+2 40
+1 10
cfi=(15)
cfn=(764)
calls=10 2515 
* 1934
+1 20
+1 10
+1 20
+4 15
+3 10
-3 5
+3 10

fn=(948)
97 1
+6 2
cfi=(15)
cfn=(764)
calls=1 2515 
* 185
+1 2
+12 2
cfi=(15)
cfn=(764)
calls=1 2515 
* 199
+1 2
+5 2
cfi=(15)
cfn=(764)
calls=1 2515 
* 206
+1 2
+5 2
cfi=(15)
cfn=(764)
calls=1 2515 
* 199
+1 2
+5 2
cfi=(15)
cfn=(764)
calls=1 2515 
* 178
+1 2
+6 2
cfi=(15)
cfn=(764)
calls=1 2515 
* 199
+1 1
-1 1
+1 1
+8 2
cfi=(15)
cfn=(764)
calls=1 2515 
* 220
+1 1
-1 1
+1 1
+7 2
-23 5
-31 5
+13 5
+6 5
+6 5

fn=(886) set_locale_var
165 5
+5 1
cob=(3)
cfi=(3)
cfn=(740)
calls=1 0 
* 3
* 1
* 1
+1 1
-1 1
+1 1
+19 3
+2 3
+1 2
+21 3
cob=(3)
cfi=(3)
cfn=(424)
calls=1 0 
* 14
* 1
* 1
+1 1
cfi=(42)
cfn=(944)
calls=1 98 
* 8
+63 5
-81 4
cfi=(13)
cfn=(380)
calls=1 -21 
* 109
* 1
+1 1
+3 1
cfn=(888)
calls=1 345 
* 134833
* 1
+8 1
cfn=(924)
calls=1 552 
* 59654
+1 1
cob=(3)
cfi=(3)
cfn=(408)
calls=1 0 
* 5
* 1
* 1
+2 4

fn=(884)
303 1
+3 2
cfi=(15)
cfn=(764)
calls=1 2515 
* 171
+1 3
cfn=(886)
calls=1 165 
* 194672
+2 2
cfi=(15)
cfn=(764)
calls=1 2515 
* 196
+1 2
+1 1
-1 1
cfn=(946)
calls=1 -23 
* 61417

fl=(50)
fn=(1132)
96 8
+3 6
+2 2
+1 4

fn=(1088)
68 4
-3 4
+3 12
+5 8
-3 4
+1 4
-3 8
+2 4
+1 4
-3 8
+8 4

fl=(11)
fn=(348) free
1388 81
cfn=(350) internal_free.isra.1
calls=27 900 
* 1920

fn=(328) internal_malloc.isra.3
793 6200
+14 1860
+8 620
+1 1240
-1 620
+1 2472
+1 3141
+1 5621
+14 1240
+3 620
-2 620
+2 620
+1 5
+3 1860
+15 620
-6 620
+1 620
-1 620
+6 2480
+5 620
+7 620
-8 620
+1 620
+6 620
+1 620
-6 620
+6 4340
+3 620
-3 1240
+3 620
+1 4518
-54 4
+1 8
+80 4960
733 1
cob=(1)
cfi=(1)
cfn=(233)
calls=1 0 
* 969
* 5
+1 3
-1 4
+8 3
cob=(1)
cfi=(1)
cfn=(233)
calls=1 0 
* 895
* 5
+1 2
-1 2
+1 2
+2 1
-2 1
+2 2
+3 4
+28 2
+9 8
+1 6
+2 2
+83 2072
cob=(3)
cfi=(3)
cfn=(362)
calls=176 0 
* 7108
cob=(1)
cfi=(1)
cfn=(233)
calls=1 0 
* 932
* 181
* 177
753 2
cob=(3)
cfi=(3)
cfn=(338)
calls=1 0 
* 57
* 1
+1 2
+9 1
-7 1
+7 1
-7 1
+8 4
+2 2
-4 3
+13 2
-5 1
+3 1
+1 1
+1 3
+1 1
-1 1
-2 1
+3 1
-2 1
+1 1
+1 126
-1 126
-2 126
+3 126
-2 126
+1 130
+4 2
601 976
cfi=(12)
cfn=(356)
calls=122 1342 
* 488
* 488
cfi=(12)
cfn=(356)
calls=122 1342 
* 488
* 244
-3 244
+13 122
+2 122
-2 122
+2 122
+9 486
+18 72
+3 75
+18 36
+51 366
843 244
+27 19553
684 72
cob=(3)
cfi=(3)
cfn=(338)
calls=18 0 
* 1026
* 18
+3 72
+3 18
+3 36
+12 18
-5 18
+4 18
-1 18
+1 18
+1 82
+1 14
-1 14
+1 14
-3 14
+1 14
+1 14
+1 480
-1 480
+1 480
-3 480
+1 480
+1 536
+4 54
-57 3
+5 3
-5 3
+1 6
438 363
+2 242
+2 3
+2 15
+15 364
+8 91
+2 91
+16 91
-17 91
+16 91
+1 91
-17 91
+10 182
+3 91
-3 91
+8 546
+1 91
-1 91
+1 91
-3 91
+1 91
+1 91
+1 94
-1 94
+1 94
-3 94
+1 94
+1 458
+4 273
-48 39
625 90
+6 274
377 15
-4 15
+1 15
+4 71
+9 2
634 6
451 120
+2 1880
-2 884
-29 13
-10 13
+11 13
-3 13
+1 13
+2 13
-1 26
-13 52

fn=(748)
1321 41
cfn=(350)
calls=41 900 
* 4252

fn=(1066)
1312 1
cfn=(1068) internal_realloc.isra.6
calls=1 1039 
* 81

fn=(350)
900 544
+12 136
+5 275
-2 110
+13 110
+10 110
+2 55
+1 110
+11 275
+4 55
+2 55
-2 55
+2 550
+1 110
+4 110
+13 110
+16 165
+4 110
+2 110
+10 55
-4 55
+5 55
+1 55
-2 55
+28 544
-43 571
cob=(3)
cfi=(3)
cfn=(362)
calls=12 0 
* 518
* 12
* 1097

fn=(326) malloc
1373 138
cfn=(328)
calls=46 793 
* 10998

fn=(382)
1302 573
cfn=(328)
calls=573 793 
* 90913

fn=(430)
1412 1
1263 1
1412 2
1262 1
+1 1
1412 1
1263 2
cfn=(328)
calls=1 793 
* 275
+1 1
-1 1
+1 1
+1 4
cob=(3)
cfi=(3)
cfn=(362)
calls=1 0 
* 14
* 1
1414 5

fn=(1068)
1039 11
+17 2
+5 2
+4 1
+1 2
+2 2
+4 2
+1 1
+10 2
-10 1
+10 3
+4 1
+2 1
-2 1
+2 10
+1 3
+12 2
+7 1
-3 2
+3 6
+6 1
+4 1
-5 1
+1 1
+4 1
-5 3
+1 1
+4 7
+37 1
-37 1
+37 7

fl=(29)
fn=(784)
38 25
cfi=(30)
cfn=(786)
calls=5 +52 
* 312

fn=(972)
46 1
+3 3
-3 1
+3 2
cfi=(30)
cfn=(786)
calls=1 +41 
* 38
+1 1
-1 1
+1 1
cob=(3)
cfi=(3)
cfn=(378)
calls=1 -50 
* 14
* 1
* 4
cfi=(13)
cfn=(380)
calls=1 176 
* 112
* 3
cob=(3)
cfi=(3)
cfn=(390)
calls=1 -50 
* 20
* 1
+1 3

fl=(23)
fn=(678)
40 25
cfi=(13)
cfn=(380)
calls=5 176 
* 929

fn=(1152)
96 2
-1 4
+1 2
+5 4

fn=(894)
56 5
cfi=(13)
cfn=(896)
calls=1 199 
* 450

fn=(908)
74 166

fl=(38)
fn=(926)
49 4566
+6 3805
+7 1536
+4 384
-1 384
+1 384
cob=(3)
cfi=(3)
cfn=(378)
calls=384 -66 
* 10752
* 384
+2 384
-2 384
+2 384
+11 11520
+4 3840
-15 7680
fi=(40) /home/fdse/zdh/download/bash-5.0/lib/sh/../../include/shmbchar.h
+2 34560
fi=(41)
402 1920
cob=(3)
cfi=(3)
cfn=(938)
calls=383 0 
* 64344
cob=(1)
cfi=(1)
cfn=(233)
calls=1 0 
* 1074
* 388
* 384
fe=(38)
75 1152
+4 1920
-23 377
cfi=(39)
cfn=(928)
calls=377 -16 
* 10880
+35 2269
-5 384
+5 1536

fl=(55)
fn=(1150)
65 6
+7 2
-7 8
+5 2
+3 2
cob=(3)
cfi=(3)
cfn=(378)
calls=2 -73 
* 28
* 2
* 4
+2 33
+2 84
+29 15
+8 9
-1 9
+1 18
fi=(53)
-44 54
fe=(55)
+44 18
+7 14
-7 18
+1 27
-8 4

fl=(49)
fn=(1060)
53 16
+3 2
cfi=(12)
cfn=(1062)
calls=2 535 
* 24
* 2
+1 8
cob=(3)
cfi=(3)
cfn=(994)
calls=2 -57 
* 14
* 2
* 6
+9 14

fl=(37)
fn=(878) get_edit_mode
441 2
+1 7
+1 2
-2 3

fn=(874) set_shellopts
527 2
+6 1
-6 1
+6 1
-6 6
+18 28
cfn=(878)
calls=2 441 
* 14
* 20
+2 6
cob=(3)
cfi=(3)
cfn=(378)
calls=3 0 
* 55
* 3
* 3
+1 3
-15 135
+3 27
-1 27
+1 54
+2 19
cfi=(34)
cfn=(876)
calls=19 219 
* 1534
+1 97
+6 30
+7 5
+2 1
-2 1
+2 1
-2 1
cfi=(13)
cfn=(380)
calls=1 176 
* 130
* 2
+2 135
+2 54
+2 12
cob=(3)
cfi=(3)
cfn=(390)
calls=3 0 
* 73
* 3
+1 6
cob=(3)
cfi=(3)
cfn=(378)
calls=3 0 
* 55
* 3
* 3
+1 13
+4 2
+1 2
+1 1
+2 2
cfi=(15)
cfn=(716)
calls=1 2400 
* 185
+4 2
+18 1
-1 2
+1 5
-1 2
cfi=(13)
cfn=(746)
calls=1 222 
* 99
-9 4
cfi=(15)
cfn=(698)
calls=1 3225 
* 1405
+5 4
+1 4

fn=(872)
614 2
-4 1
+6 2
cfi=(15)
cfn=(716)
calls=1 2400 
* 185
+2 2
+13 1
-1 1
cfn=(874)
calls=1 527 
* 4284

fl=(35)
fn=(858)
285 3
-3 1
+7 2
cob=(1)
cfi=(1)
cfn=(233)
calls=1 0 
* 951
* 5
* 1
+12 2

ob=(7) /usr/local/lib/valgrind/callgrind-amd64-linux
fl=(16) /home/fdse/zdh/valgrind-3.15.0/coregrind/m_trampoline.S
fn=(830) vgPlain_amd64_linux_REDIR_FOR_vgettimeofday
176 1
+1 1
+1 1

fn=(496) vgPlain_amd64_linux_REDIR_FOR_vtime
186 1
+1 1
+1 1

ob=(2)
fl=(2)
fn=(346)
0 27
cob=(6)
cfi=(11)
cfn=(348)
calls=27 1388 
0 2001

fn=(1334)
0 3

fn=(1312)
0 3

fn=(1324)
0 1
cob=(3)
cfi=(3)
cfn=(1300)
calls=1 0 
0 53

fn=(176)
0 6

fn=(88)
0 3
cob=(1)
cfi=(1)
cfn=(90)
calls=3 0 
0 18

fn=(324)
0 46
cob=(6)
cfi=(11)
cfn=(326)
calls=46 1373 
0 11136

fn=(1286)
0 3

fn=(208)
0 6

fn=(244)
0 6

ob=(4)
fl=(4)
fn=(1288)
0 8
cob=(1)
cfi=(1)
cfn=(233)
calls=1 0 
0 787
0 5
0 1
cfn=(1306) 0x0000000000000630
calls=1 0 
0 9
0 3

fn=(180)
0 16

fn=(1306)
0 9

totals: 709571
